This is XeTeX, Version 3.141592653-2.6-0.999996 (TeX Live 2024) (preloaded format=xelatex 2024.6.15)  28 JUN 2024 21:00
entering extended mode
 restricted \write18 enabled.
 file:line:error style messages enabled.
 %&-line parsing enabled.
**"/Users/hyunseongkim/Dropbox/main/Projects/OptTrot/paper/SIAM Template/siamart_220329/docsiamart.tex"
(/Users/hyunseongkim/Dropbox/main/Projects/OptTrot/paper/SIAM Template/siamart_220329/docsiamart.tex
LaTeX2e <2023-11-01> patch level 1
L3 programming layer <2024-02-20>
(./siamart220329.cls
Document Class: siamart220329 2022/03/29 v1.4.4 LaTeX document e-class
(/usr/local/texlive/2024/texmf-dist/tex/latex/amsmath/amsmath.sty
Package: amsmath 2023/05/13 v2.17o AMS math features
\@mathmargin=\skip48

For additional information on amsmath, use the `?' option.
(/usr/local/texlive/2024/texmf-dist/tex/latex/amsmath/amstext.sty
Package: amstext 2021/08/26 v2.01 AMS text
 (/usr/local/texlive/2024/texmf-dist/tex/latex/amsmath/amsgen.sty
File: amsgen.sty 1999/11/30 v2.0 generic functions
\@emptytoks=\toks17
\ex@=\dimen140
)) (/usr/local/texlive/2024/texmf-dist/tex/latex/amsmath/amsbsy.sty
Package: amsbsy 1999/11/29 v1.2d Bold Symbols
\pmbraise@=\dimen141
) (/usr/local/texlive/2024/texmf-dist/tex/latex/amsmath/amsopn.sty
Package: amsopn 2022/04/08 v2.04 operator names
)
\inf@bad=\count184
LaTeX Info: Redefining \frac on input line 234.
\uproot@=\count185
\leftroot@=\count186
LaTeX Info: Redefining \overline on input line 399.
LaTeX Info: Redefining \colon on input line 410.
\classnum@=\count187
\DOTSCASE@=\count188
LaTeX Info: Redefining \ldots on input line 496.
LaTeX Info: Redefining \dots on input line 499.
LaTeX Info: Redefining \cdots on input line 620.
\Mathstrutbox@=\box51
\strutbox@=\box52
LaTeX Info: Redefining \big on input line 722.
LaTeX Info: Redefining \Big on input line 723.
LaTeX Info: Redefining \bigg on input line 724.
LaTeX Info: Redefining \Bigg on input line 725.
\big@size=\dimen142
LaTeX Font Info:    Redeclaring font encoding OML on input line 743.
LaTeX Font Info:    Redeclaring font encoding OMS on input line 744.
\macc@depth=\count189
LaTeX Info: Redefining \bmod on input line 905.
LaTeX Info: Redefining \pmod on input line 910.
LaTeX Info: Redefining \smash on input line 940.
LaTeX Info: Redefining \relbar on input line 970.
LaTeX Info: Redefining \Relbar on input line 971.
\c@MaxMatrixCols=\count190
\dotsspace@=\muskip16
\c@parentequation=\count191
\dspbrk@lvl=\count192
\tag@help=\toks18
\row@=\count193
\column@=\count194
\maxfields@=\count195
\andhelp@=\toks19
\eqnshift@=\dimen143
\alignsep@=\dimen144
\tagshift@=\dimen145
\tagwidth@=\dimen146
\totwidth@=\dimen147
\lineht@=\dimen148
\@envbody=\toks20
\multlinegap=\skip49
\multlinetaggap=\skip50
\mathdisplay@stack=\toks21
LaTeX Info: Redefining \[ on input line 2953.
LaTeX Info: Redefining \] on input line 2954.
) (/usr/local/texlive/2024/texmf-dist/tex/latex/ntheorem/ntheorem.sty
Style `ntheorem', Version 1.33 <2011/08/15>
Package: ntheorem 2011/08/15 1.33
(/usr/local/texlive/2024/texmf-dist/tex/latex/base/ifthen.sty
Package: ifthen 2022/04/13 v1.1d Standard LaTeX ifthen package (DPC)
)
\theorem@style=\toks22
\theorem@@style=\toks23
\theorembodyfont=\toks24
\theoremnumbering=\toks25
\theorempreskipamount=\skip51
\theorempostskipamount=\skip52
\theoremframepreskipamount=\skip53
\theoremframepostskipamount=\skip54
\theoreminframepreskipamount=\skip55
\theoreminframepostskipamount=\skip56
\theorem@preskip=\toks26
\theorem@postskip=\toks27
\theorem@framepreskip=\toks28
\theorem@framepostskip=\toks29
\theorem@inframepreskip=\toks30
\theorem@inframepostskip=\toks31
\theoremindent=\dimen149
\theorem@indent=\dimen150
\theoremrightindent=\dimen151
\theorem@rightindent=\dimen152
\theoremheaderfont=\toks32
\theoremseparator=\toks33
\theoremprework=\toks34
\theorempostwork=\toks35
\theoremsymbol=\toks36
\qedsymbol=\toks37
\theoremkeyword=\toks38
\qedsymbol=\toks39
\thm@topsep=\skip57
\thm@topsepadd=\skip58
Package ntheorem Info: Option `thmmarks' loaded on input line 1175.
\c@endNonectr=\count196
\c@currNonectr=\count197
\mysavskip=\skip59
Package ntheorem Info: option `amsmath' handling for `thmmarks' loaded on input line 1175.
\thm@amstmpdepth=\dimen153
\tagwidth=\dimen154
)
\fromfoliotocopyright=\skip60
\c@section=\count198
\c@subsection=\count199
\c@subsubsection=\count266
\c@paragraph=\count267
\c@subparagraph=\count268
\c@rmnum=\count269
\c@muni=\count270
\@sectionspace=\skip61
\@negsectionspace=\skip62
\c@figure=\count271
\c@table=\count272
\abovecaptionskip=\skip63
\belowcaptionskip=\skip64
\bibindent=\dimen155
 (/usr/local/texlive/2024/texmf-dist/tex/latex/hyperref/xr-hyper.sty
Package: xr-hyper 2024-01-20 v7.01h eXternal References (DPC)
) (/usr/local/texlive/2024/texmf-dist/tex/generic/iftex/ifpdf.sty
Package: ifpdf 2019/10/25 v3.4 ifpdf legacy package. Use iftex instead.
 (/usr/local/texlive/2024/texmf-dist/tex/generic/iftex/iftex.sty
Package: iftex 2022/02/03 v1.0f TeX engine tests
)) (/usr/local/texlive/2024/texmf-dist/tex/latex/hyperref/hyperref.sty
Package: hyperref 2024-01-20 v7.01h Hypertext links for LaTeX
 (/usr/local/texlive/2024/texmf-dist/tex/latex/graphics/keyval.sty
Package: keyval 2022/05/29 v1.15 key=value parser (DPC)
\KV@toks@=\toks40
) (/usr/local/texlive/2024/texmf-dist/tex/latex/kvsetkeys/kvsetkeys.sty
Package: kvsetkeys 2022-10-05 v1.19 Key value parser (HO)
) (/usr/local/texlive/2024/texmf-dist/tex/generic/kvdefinekeys/kvdefinekeys.sty
Package: kvdefinekeys 2019-12-19 v1.6 Define keys (HO)
) (/usr/local/texlive/2024/texmf-dist/tex/generic/pdfescape/pdfescape.sty
Package: pdfescape 2019/12/09 v1.15 Implements pdfTeX's escape features (HO)
 (/usr/local/texlive/2024/texmf-dist/tex/generic/ltxcmds/ltxcmds.sty
Package: ltxcmds 2023-12-04 v1.26 LaTeX kernel commands for general use (HO)
) (/usr/local/texlive/2024/texmf-dist/tex/generic/pdftexcmds/pdftexcmds.sty
Package: pdftexcmds 2020-06-27 v0.33 Utility functions of pdfTeX for LuaTeX (HO)
 (/usr/local/texlive/2024/texmf-dist/tex/generic/infwarerr/infwarerr.sty
Package: infwarerr 2019/12/03 v1.5 Providing info/warning/error messages (HO)
)
Package pdftexcmds Info: \pdf@primitive is available.
Package pdftexcmds Info: \pdf@ifprimitive is available.
Package pdftexcmds Info: \pdfdraftmode not found.
)) (/usr/local/texlive/2024/texmf-dist/tex/latex/hycolor/hycolor.sty
Package: hycolor 2020-01-27 v1.10 Color options for hyperref/bookmark (HO)
) (/usr/local/texlive/2024/texmf-dist/tex/latex/auxhook/auxhook.sty
Package: auxhook 2019-12-17 v1.6 Hooks for auxiliary files (HO)
) (/usr/local/texlive/2024/texmf-dist/tex/latex/hyperref/nameref.sty
Package: nameref 2023-11-26 v2.56 Cross-referencing by name of section
 (/usr/local/texlive/2024/texmf-dist/tex/latex/refcount/refcount.sty
Package: refcount 2019/12/15 v3.6 Data extraction from label references (HO)
) (/usr/local/texlive/2024/texmf-dist/tex/generic/gettitlestring/gettitlestring.sty
Package: gettitlestring 2019/12/15 v1.6 Cleanup title references (HO)
 (/usr/local/texlive/2024/texmf-dist/tex/latex/kvoptions/kvoptions.sty
Package: kvoptions 2022-06-15 v3.15 Key value format for package options (HO)
))

Package nameref Warning: The definition of \label has changed! 
(nameref)                Check your packages! 
(nameref)                Replacing it with the kernel definition on input line 149.

\c@section@level=\count273
) (/usr/local/texlive/2024/texmf-dist/tex/latex/etoolbox/etoolbox.sty
Package: etoolbox 2020/10/05 v2.5k e-TeX tools for LaTeX (JAW)
\etb@tempcnta=\count274
)
\@linkdim=\dimen156
\Hy@linkcounter=\count275
\Hy@pagecounter=\count276
 (/usr/local/texlive/2024/texmf-dist/tex/latex/hyperref/pd1enc.def
File: pd1enc.def 2024-01-20 v7.01h Hyperref: PDFDocEncoding definition (HO)
) (/usr/local/texlive/2024/texmf-dist/tex/generic/intcalc/intcalc.sty
Package: intcalc 2019/12/15 v1.3 Expandable calculations with integers (HO)
)
\Hy@SavedSpaceFactor=\count277
 (/usr/local/texlive/2024/texmf-dist/tex/latex/hyperref/puenc.def
File: puenc.def 2024-01-20 v7.01h Hyperref: PDF Unicode definition (HO)
)
Package hyperref Info: Option `final' set `true' on input line 4062.
Package hyperref Info: Hyper figures OFF on input line 4179.
Package hyperref Info: Link nesting OFF on input line 4184.
Package hyperref Info: Hyper index ON on input line 4187.
Package hyperref Info: Plain pages OFF on input line 4194.
Package hyperref Info: Backreferencing OFF on input line 4199.
Package hyperref Info: Implicit mode ON; LaTeX internals redefined.
Package hyperref Info: Bookmarks ON on input line 4446.
\c@Hy@tempcnt=\count278
 (/usr/local/texlive/2024/texmf-dist/tex/latex/url/url.sty
\Urlmuskip=\muskip17
Package: url 2013/09/16  ver 3.4  Verb mode for urls, etc.
)
LaTeX Info: Redefining \url on input line 4784.
\XeTeXLinkMargin=\dimen157
 (/usr/local/texlive/2024/texmf-dist/tex/generic/bitset/bitset.sty
Package: bitset 2019/12/09 v1.3 Handle bit-vector datatype (HO)
 (/usr/local/texlive/2024/texmf-dist/tex/generic/bigintcalc/bigintcalc.sty
Package: bigintcalc 2019/12/15 v1.5 Expandable calculations on big integers (HO)
))
\Fld@menulength=\count279
\Field@Width=\dimen158
\Fld@charsize=\dimen159
Package hyperref Info: Hyper figures OFF on input line 6063.
Package hyperref Info: Link nesting OFF on input line 6068.
Package hyperref Info: Hyper index ON on input line 6071.
Package hyperref Info: backreferencing OFF on input line 6078.
Package hyperref Info: Link coloring OFF on input line 6083.
Package hyperref Info: Link coloring with OCG OFF on input line 6088.
Package hyperref Info: PDF/A mode OFF on input line 6093.
 (/usr/local/texlive/2024/texmf-dist/tex/latex/base/atbegshi-ltx.sty
Package: atbegshi-ltx 2021/01/10 v1.0c Emulation of the original atbegshi
package with kernel methods
)
\Hy@abspage=\count280
\c@Item=\count281
\c@Hfootnote=\count282
)
Package hyperref Info: Driver (autodetected): hxetex.
 (/usr/local/texlive/2024/texmf-dist/tex/latex/hyperref/hxetex.def
File: hxetex.def 2024-01-20 v7.01h Hyperref driver for XeTeX
 (/usr/local/texlive/2024/texmf-dist/tex/generic/stringenc/stringenc.sty
Package: stringenc 2019/11/29 v1.12 Convert strings between diff. encodings (HO)
)
\pdfm@box=\box53
\c@Hy@AnnotLevel=\count283
\HyField@AnnotCount=\count284
\Fld@listcount=\count285
\c@bookmark@seq@number=\count286
 (/usr/local/texlive/2024/texmf-dist/tex/latex/rerunfilecheck/rerunfilecheck.sty
Package: rerunfilecheck 2022-07-10 v1.10 Rerun checks for auxiliary files (HO)
 (/usr/local/texlive/2024/texmf-dist/tex/latex/base/atveryend-ltx.sty
Package: atveryend-ltx 2020/08/19 v1.0a Emulation of the original atveryend package
with kernel methods
) (/usr/local/texlive/2024/texmf-dist/tex/generic/uniquecounter/uniquecounter.sty
Package: uniquecounter 2019/12/15 v1.4 Provide unlimited unique counter (HO)
)
Package uniquecounter Info: New unique counter `rerunfilecheck' on input line 285.
)
\Hy@SectionHShift=\skip65
)
Package hyperref Info: Option `colorlinks' set `false' on input line 1294.
Package hyperref Info: Option `frenchlinks' set `false' on input line 1294.
Package hyperref Info: Option `naturalnames' set `false' on input line 1294.
Package hyperref Info: Option `hypertexnames' set `false' on input line 1294.
Package hyperref Info: Option `breaklinks' set `true' on input line 1294.
 (/usr/local/texlive/2024/texmf-dist/tex/latex/graphics/graphics.sty
Package: graphics 2022/03/10 v1.4e Standard LaTeX Graphics (DPC,SPQR)
 (/usr/local/texlive/2024/texmf-dist/tex/latex/graphics/trig.sty
Package: trig 2021/08/11 v1.11 sin cos tan (DPC)
) (/usr/local/texlive/2024/texmf-dist/tex/latex/graphics-cfg/graphics.cfg
File: graphics.cfg 2016/06/04 v1.11 sample graphics configuration
)
Package graphics Info: Driver file: xetex.def on input line 107.
 (/usr/local/texlive/2024/texmf-dist/tex/latex/graphics-def/xetex.def
File: xetex.def 2022/09/22 v5.0n Graphics/color driver for xetex
)) (/usr/local/texlive/2024/texmf-dist/tex/latex/graphics/graphicx.sty
Package: graphicx 2021/09/16 v1.2d Enhanced LaTeX Graphics (DPC,SPQR)
\Gin@req@height=\dimen160
\Gin@req@width=\dimen161
) (/usr/local/texlive/2024/texmf-dist/tex/latex/breakurl/breakurl.sty
Package: breakurl 2013/04/10 v1.40 Breakable hyperref URLs
 (/usr/local/texlive/2024/texmf-dist/tex/latex/xkeyval/xkeyval.sty
Package: xkeyval 2022/06/16 v2.9 package option processing (HA)
 (/usr/local/texlive/2024/texmf-dist/tex/generic/xkeyval/xkeyval.tex (/usr/local/texlive/2024/texmf-dist/tex/generic/xkeyval/xkvutils.tex
\XKV@toks=\toks41
\XKV@tempa@toks=\toks42
)
\XKV@depth=\count287
File: xkeyval.tex 2014/12/03 v2.7a key=value parser (HA)
))
\burl@toks=\toks43
) (/usr/local/texlive/2024/texmf-dist/tex/latex/hypdvips/hypdvips.sty
Package: hypdvips 2019/07/31 v3.03 Hyperref extensions for use with dvips


/usr/local/texlive/2024/texmf-dist/tex/latex/hypdvips/hypdvips.sty:43: Package hypdvips Error: Wrong hyperref driver `hxetex.def' selected!
(hypdvips)                Please switch to hdvips.def before loading hypdvips.

See the hypdvips package documentation for explanation.
Type  H <return>  for immediate help.
 ...                                              
                                                  
l.43   }
        
You're in trouble here.  Try typing  <return>  to proceed.
If that doesn't work, type  X <return>  to quit.

) (/usr/local/texlive/2024/texmf-dist/tex/latex/xcolor/xcolor.sty
Package: xcolor 2023/11/15 v3.01 LaTeX color extensions (UK)
 (/usr/local/texlive/2024/texmf-dist/tex/latex/graphics-cfg/color.cfg
File: color.cfg 2016/01/02 v1.6 sample color configuration
)
Package xcolor Info: Driver file: xetex.def on input line 274.
 (/usr/local/texlive/2024/texmf-dist/tex/latex/graphics/mathcolor.ltx)
Package xcolor Info: Model `cmy' substituted by `cmy0' on input line 1350.
Package xcolor Info: Model `RGB' extended on input line 1366.
Package xcolor Info: Model `HTML' substituted by `rgb' on input line 1368.
Package xcolor Info: Model `Hsb' substituted by `hsb' on input line 1369.
Package xcolor Info: Model `tHsb' substituted by `hsb' on input line 1370.
Package xcolor Info: Model `HSB' substituted by `hsb' on input line 1371.
Package xcolor Info: Model `Gray' substituted by `gray' on input line 1372.
Package xcolor Info: Model `wave' substituted by `hsb' on input line 1373.
)
Package hyperref Info: Option `colorlinks' set `true' on input line 1330.
 (/usr/local/texlive/2024/texmf-dist/tex/latex/oberdiek/hypcap.sty
Package: hypcap 2016/05/16 v1.12 Adjusting the anchors of captions (HO)
 (/usr/local/texlive/2024/texmf-dist/tex/latex/letltxmacro/letltxmacro.sty
Package: letltxmacro 2019/12/03 v1.6 Let assignment for LaTeX macros (HO)
)) (/usr/local/texlive/2024/texmf-dist/tex/latex/algorithms/algorithm.sty
Invalid UTF-8 byte or sequence at line 11 replaced by U+FFFD.
Package: algorithm 2009/08/24 v0.1 Document Style `algorithm' - floating environment
 (/usr/local/texlive/2024/texmf-dist/tex/latex/float/float.sty
Package: float 2001/11/08 v1.3d Float enhancements (AL)
\c@float@type=\count288
\float@exts=\toks44
\float@box=\box54
\@float@everytoks=\toks45
\@floatcapt=\box55
)
\@float@every@algorithm=\toks46
\c@algorithm=\count289
) (/usr/local/texlive/2024/texmf-dist/tex/latex/cleveref/cleveref.sty
Package: cleveref 2018/03/27 v0.21.4 Intelligent cross-referencing
Package cleveref Info: `hyperref' support loaded on input line 2370.
LaTeX Info: Redefining \cref on input line 2370.
LaTeX Info: Redefining \Cref on input line 2370.
LaTeX Info: Redefining \crefrange on input line 2370.
LaTeX Info: Redefining \Crefrange on input line 2370.
LaTeX Info: Redefining \cpageref on input line 2370.
LaTeX Info: Redefining \Cpageref on input line 2370.
LaTeX Info: Redefining \cpagerefrange on input line 2370.
LaTeX Info: Redefining \Cpagerefrange on input line 2370.
LaTeX Info: Redefining \labelcref on input line 2370.
LaTeX Info: Redefining \labelcpageref on input line 2370.
Package cleveref Info: `ntheorem' support loaded on input line 3055.
Package cleveref Info: always capitalise cross-reference names on input line 7830.
Package cleveref Info: include cross-reference names in hyperlinks on input line 7836.
Package cleveref Info: always capitalise cross-reference names on input line 7852.
Package cleveref Info: include cross-reference names in hyperlinks on input line 7852.
)
\c@currproofctr=\count290
\c@endproofctr=\count291
\c@proof=\count292
\c@currtheoremctr=\count293
\c@endtheoremctr=\count294
\c@theorem=\count295
\c@currlemmactr=\count296
\c@endlemmactr=\count297
\c@currcorollaryctr=\count298
\c@endcorollaryctr=\count299
\c@currpropositionctr=\count300
\c@endpropositionctr=\count301
\c@currdefinitionctr=\count302
\c@enddefinitionctr=\count303
) (/usr/local/texlive/2024/texmf-dist/tex/latex/braket/braket.sty) (/usr/local/texlive/2024/texmf-dist/tex/latex/amsfonts/amsfonts.sty
Package: amsfonts 2013/01/14 v3.01 Basic AMSFonts support
\symAMSa=\mathgroup4
\symAMSb=\mathgroup5
LaTeX Font Info:    Redeclaring math symbol \hbar on input line 98.
LaTeX Font Info:    Overwriting math alphabet `\mathfrak' in version `bold'
(Font)                  U/euf/m/n --> U/euf/b/n on input line 106.
) (/usr/local/texlive/2024/texmf-dist/tex/latex/tools/array.sty
Package: array 2023/10/16 v2.5g Tabular extension package (FMi)
\col@sep=\dimen162
\ar@mcellbox=\box56
\extrarowheight=\dimen163
\NC@list=\toks47
\extratabsurround=\skip66
\backup@length=\skip67
\ar@cellbox=\box57
) (/usr/local/texlive/2024/texmf-dist/tex/latex/subfig/subfig.sty
Package: subfig 2005/06/28 ver: 1.3 subfig package
 (/usr/local/texlive/2024/texmf-dist/tex/latex/caption/caption3.sty
Package: caption3 2023/07/31 v2.4d caption3 kernel (AR)
\caption@tempdima=\dimen164
\captionmargin=\dimen165
\caption@leftmargin=\dimen166
\caption@rightmargin=\dimen167
\caption@width=\dimen168
\caption@indent=\dimen169
\caption@parindent=\dimen170
\caption@hangindent=\dimen171
Package caption Info: Unknown document class (or package),
(caption)             standard defaults will be used.
Package caption Info: \@makecaption = \long macro:#1#2->\footnotesize \setlength {\parindent }{1.5pc} \ifx \@captype \@figtxt \vskip \abovecaptionskip \setbox \@tempboxa \hbox {{\normalfont \scshape #1}. {\normalfont \itshape #2}}\ifdim \wd \@tempboxa >\hsize {\normalfont \scshape #1}. {\normalfont \itshape #2}\par \else \global \@minipagefalse \hb@xt@ \hsize {\hfil \box \@tempboxa \hfil }\fi \else \hbox to\hsize {\hfil {\normalfont \scshape #1}\hfil }\setbox \@tempboxa \hbox {{\normalfont \itshape #2}}\ifdim \wd \@tempboxa >\hsize {\normalfont \itshape #2}\par \else \global \@minipagefalse \hb@xt@ \hsize {\hfil \box \@tempboxa \hfil }\fi \vskip \belowcaptionskip \fi  on input line 1175.
)
\c@KVtest=\count304
\sf@farskip=\skip68
\sf@captopadj=\dimen172
\sf@capskip=\skip69
\sf@nearskip=\skip70
\c@subfigure=\count305
\c@subfigure@save=\count306
\c@lofdepth=\count307
\c@subtable=\count308
\c@subtable@save=\count309
\c@lotdepth=\count310
\sf@top=\skip71
\sf@bottom=\skip72
) (/usr/local/texlive/2024/texmf-dist/tex/latex/pgfplots/pgfplots.sty (/usr/local/texlive/2024/texmf-dist/tex/generic/pgfplots/pgfplots.revision.tex)
Package: pgfplots 2021/05/15 v1.18.1 Data Visualization (1.18.1)
 (/usr/local/texlive/2024/texmf-dist/tex/latex/pgf/frontendlayer/tikz.sty (/usr/local/texlive/2024/texmf-dist/tex/latex/pgf/basiclayer/pgf.sty (/usr/local/texlive/2024/texmf-dist/tex/latex/pgf/utilities/pgfrcs.sty (/usr/local/texlive/2024/texmf-dist/tex/generic/pgf/utilities/pgfutil-common.tex
\pgfutil@everybye=\toks48
\pgfutil@tempdima=\dimen173
\pgfutil@tempdimb=\dimen174
) (/usr/local/texlive/2024/texmf-dist/tex/generic/pgf/utilities/pgfutil-latex.def
\pgfutil@abb=\box58
) (/usr/local/texlive/2024/texmf-dist/tex/generic/pgf/utilities/pgfrcs.code.tex (/usr/local/texlive/2024/texmf-dist/tex/generic/pgf/pgf.revision.tex)
Package: pgfrcs 2023-01-15 v3.1.10 (3.1.10)
))
Package: pgf 2023-01-15 v3.1.10 (3.1.10)
 (/usr/local/texlive/2024/texmf-dist/tex/latex/pgf/basiclayer/pgfcore.sty (/usr/local/texlive/2024/texmf-dist/tex/latex/pgf/systemlayer/pgfsys.sty (/usr/local/texlive/2024/texmf-dist/tex/generic/pgf/systemlayer/pgfsys.code.tex
Package: pgfsys 2023-01-15 v3.1.10 (3.1.10)
 (/usr/local/texlive/2024/texmf-dist/tex/generic/pgf/utilities/pgfkeys.code.tex
\pgfkeys@pathtoks=\toks49
\pgfkeys@temptoks=\toks50
 (/usr/local/texlive/2024/texmf-dist/tex/generic/pgf/utilities/pgfkeyslibraryfiltered.code.tex
\pgfkeys@tmptoks=\toks51
))
\pgf@x=\dimen175
\pgf@y=\dimen176
\pgf@xa=\dimen177
\pgf@ya=\dimen178
\pgf@xb=\dimen179
\pgf@yb=\dimen180
\pgf@xc=\dimen181
\pgf@yc=\dimen182
\pgf@xd=\dimen183
\pgf@yd=\dimen184
\w@pgf@writea=\write3
\r@pgf@reada=\read2
\c@pgf@counta=\count311
\c@pgf@countb=\count312
\c@pgf@countc=\count313
\c@pgf@countd=\count314
\t@pgf@toka=\toks52
\t@pgf@tokb=\toks53
\t@pgf@tokc=\toks54
\pgf@sys@id@count=\count315
 (/usr/local/texlive/2024/texmf-dist/tex/generic/pgf/systemlayer/pgf.cfg
File: pgf.cfg 2023-01-15 v3.1.10 (3.1.10)
)
Driver file for pgf: pgfsys-xetex.def
 (/usr/local/texlive/2024/texmf-dist/tex/generic/pgf/systemlayer/pgfsys-xetex.def
File: pgfsys-xetex.def 2023-01-15 v3.1.10 (3.1.10)
 (/usr/local/texlive/2024/texmf-dist/tex/generic/pgf/systemlayer/pgfsys-dvipdfmx.def
File: pgfsys-dvipdfmx.def 2023-01-15 v3.1.10 (3.1.10)
 (/usr/local/texlive/2024/texmf-dist/tex/generic/pgf/systemlayer/pgfsys-common-pdf.def
File: pgfsys-common-pdf.def 2023-01-15 v3.1.10 (3.1.10)
)
\pgfsys@objnum=\count316
))) (/usr/local/texlive/2024/texmf-dist/tex/generic/pgf/systemlayer/pgfsyssoftpath.code.tex
File: pgfsyssoftpath.code.tex 2023-01-15 v3.1.10 (3.1.10)
\pgfsyssoftpath@smallbuffer@items=\count317
\pgfsyssoftpath@bigbuffer@items=\count318
) (/usr/local/texlive/2024/texmf-dist/tex/generic/pgf/systemlayer/pgfsysprotocol.code.tex
File: pgfsysprotocol.code.tex 2023-01-15 v3.1.10 (3.1.10)
)) (/usr/local/texlive/2024/texmf-dist/tex/generic/pgf/basiclayer/pgfcore.code.tex
Package: pgfcore 2023-01-15 v3.1.10 (3.1.10)
 (/usr/local/texlive/2024/texmf-dist/tex/generic/pgf/math/pgfmath.code.tex (/usr/local/texlive/2024/texmf-dist/tex/generic/pgf/math/pgfmathutil.code.tex) (/usr/local/texlive/2024/texmf-dist/tex/generic/pgf/math/pgfmathparser.code.tex
\pgfmath@dimen=\dimen185
\pgfmath@count=\count319
\pgfmath@box=\box59
\pgfmath@toks=\toks55
\pgfmath@stack@operand=\toks56
\pgfmath@stack@operation=\toks57
) (/usr/local/texlive/2024/texmf-dist/tex/generic/pgf/math/pgfmathfunctions.code.tex) (/usr/local/texlive/2024/texmf-dist/tex/generic/pgf/math/pgfmathfunctions.basic.code.tex) (/usr/local/texlive/2024/texmf-dist/tex/generic/pgf/math/pgfmathfunctions.trigonometric.code.tex) (/usr/local/texlive/2024/texmf-dist/tex/generic/pgf/math/pgfmathfunctions.random.code.tex) (/usr/local/texlive/2024/texmf-dist/tex/generic/pgf/math/pgfmathfunctions.comparison.code.tex) (/usr/local/texlive/2024/texmf-dist/tex/generic/pgf/math/pgfmathfunctions.base.code.tex) (/usr/local/texlive/2024/texmf-dist/tex/generic/pgf/math/pgfmathfunctions.round.code.tex) (/usr/local/texlive/2024/texmf-dist/tex/generic/pgf/math/pgfmathfunctions.misc.code.tex) (/usr/local/texlive/2024/texmf-dist/tex/generic/pgf/math/pgfmathfunctions.integerarithmetics.code.tex) (/usr/local/texlive/2024/texmf-dist/tex/generic/pgf/math/pgfmathcalc.code.tex) (/usr/local/texlive/2024/texmf-dist/tex/generic/pgf/math/pgfmathfloat.code.tex
\c@pgfmathroundto@lastzeros=\count320
)) (/usr/local/texlive/2024/texmf-dist/tex/generic/pgf/math/pgfint.code.tex) (/usr/local/texlive/2024/texmf-dist/tex/generic/pgf/basiclayer/pgfcorepoints.code.tex
File: pgfcorepoints.code.tex 2023-01-15 v3.1.10 (3.1.10)
\pgf@picminx=\dimen186
\pgf@picmaxx=\dimen187
\pgf@picminy=\dimen188
\pgf@picmaxy=\dimen189
\pgf@pathminx=\dimen190
\pgf@pathmaxx=\dimen191
\pgf@pathminy=\dimen192
\pgf@pathmaxy=\dimen193
\pgf@xx=\dimen194
\pgf@xy=\dimen195
\pgf@yx=\dimen196
\pgf@yy=\dimen197
\pgf@zx=\dimen198
\pgf@zy=\dimen199
) (/usr/local/texlive/2024/texmf-dist/tex/generic/pgf/basiclayer/pgfcorepathconstruct.code.tex
File: pgfcorepathconstruct.code.tex 2023-01-15 v3.1.10 (3.1.10)
\pgf@path@lastx=\dimen256
\pgf@path@lasty=\dimen257
) (/usr/local/texlive/2024/texmf-dist/tex/generic/pgf/basiclayer/pgfcorepathusage.code.tex
File: pgfcorepathusage.code.tex 2023-01-15 v3.1.10 (3.1.10)
\pgf@shorten@end@additional=\dimen258
\pgf@shorten@start@additional=\dimen259
) (/usr/local/texlive/2024/texmf-dist/tex/generic/pgf/basiclayer/pgfcorescopes.code.tex
File: pgfcorescopes.code.tex 2023-01-15 v3.1.10 (3.1.10)
\pgfpic=\box60
\pgf@hbox=\box61
\pgf@layerbox@main=\box62
\pgf@picture@serial@count=\count321
) (/usr/local/texlive/2024/texmf-dist/tex/generic/pgf/basiclayer/pgfcoregraphicstate.code.tex
File: pgfcoregraphicstate.code.tex 2023-01-15 v3.1.10 (3.1.10)
\pgflinewidth=\dimen260
) (/usr/local/texlive/2024/texmf-dist/tex/generic/pgf/basiclayer/pgfcoretransformations.code.tex
File: pgfcoretransformations.code.tex 2023-01-15 v3.1.10 (3.1.10)
\pgf@pt@x=\dimen261
\pgf@pt@y=\dimen262
\pgf@pt@temp=\dimen263
) (/usr/local/texlive/2024/texmf-dist/tex/generic/pgf/basiclayer/pgfcorequick.code.tex
File: pgfcorequick.code.tex 2023-01-15 v3.1.10 (3.1.10)
) (/usr/local/texlive/2024/texmf-dist/tex/generic/pgf/basiclayer/pgfcoreobjects.code.tex
File: pgfcoreobjects.code.tex 2023-01-15 v3.1.10 (3.1.10)
) (/usr/local/texlive/2024/texmf-dist/tex/generic/pgf/basiclayer/pgfcorepathprocessing.code.tex
File: pgfcorepathprocessing.code.tex 2023-01-15 v3.1.10 (3.1.10)
) (/usr/local/texlive/2024/texmf-dist/tex/generic/pgf/basiclayer/pgfcorearrows.code.tex
File: pgfcorearrows.code.tex 2023-01-15 v3.1.10 (3.1.10)
\pgfarrowsep=\dimen264
) (/usr/local/texlive/2024/texmf-dist/tex/generic/pgf/basiclayer/pgfcoreshade.code.tex
File: pgfcoreshade.code.tex 2023-01-15 v3.1.10 (3.1.10)
\pgf@max=\dimen265
\pgf@sys@shading@range@num=\count322
\pgf@shadingcount=\count323
) (/usr/local/texlive/2024/texmf-dist/tex/generic/pgf/basiclayer/pgfcoreimage.code.tex
File: pgfcoreimage.code.tex 2023-01-15 v3.1.10 (3.1.10)
) (/usr/local/texlive/2024/texmf-dist/tex/generic/pgf/basiclayer/pgfcoreexternal.code.tex
File: pgfcoreexternal.code.tex 2023-01-15 v3.1.10 (3.1.10)
\pgfexternal@startupbox=\box63
) (/usr/local/texlive/2024/texmf-dist/tex/generic/pgf/basiclayer/pgfcorelayers.code.tex
File: pgfcorelayers.code.tex 2023-01-15 v3.1.10 (3.1.10)
) (/usr/local/texlive/2024/texmf-dist/tex/generic/pgf/basiclayer/pgfcoretransparency.code.tex
File: pgfcoretransparency.code.tex 2023-01-15 v3.1.10 (3.1.10)
) (/usr/local/texlive/2024/texmf-dist/tex/generic/pgf/basiclayer/pgfcorepatterns.code.tex
File: pgfcorepatterns.code.tex 2023-01-15 v3.1.10 (3.1.10)
) (/usr/local/texlive/2024/texmf-dist/tex/generic/pgf/basiclayer/pgfcorerdf.code.tex
File: pgfcorerdf.code.tex 2023-01-15 v3.1.10 (3.1.10)
))) (/usr/local/texlive/2024/texmf-dist/tex/generic/pgf/modules/pgfmoduleshapes.code.tex
File: pgfmoduleshapes.code.tex 2023-01-15 v3.1.10 (3.1.10)
\pgfnodeparttextbox=\box64
) (/usr/local/texlive/2024/texmf-dist/tex/generic/pgf/modules/pgfmoduleplot.code.tex
File: pgfmoduleplot.code.tex 2023-01-15 v3.1.10 (3.1.10)
) (/usr/local/texlive/2024/texmf-dist/tex/latex/pgf/compatibility/pgfcomp-version-0-65.sty
Package: pgfcomp-version-0-65 2023-01-15 v3.1.10 (3.1.10)
\pgf@nodesepstart=\dimen266
\pgf@nodesepend=\dimen267
) (/usr/local/texlive/2024/texmf-dist/tex/latex/pgf/compatibility/pgfcomp-version-1-18.sty
Package: pgfcomp-version-1-18 2023-01-15 v3.1.10 (3.1.10)
)) (/usr/local/texlive/2024/texmf-dist/tex/latex/pgf/utilities/pgffor.sty (/usr/local/texlive/2024/texmf-dist/tex/latex/pgf/utilities/pgfkeys.sty (/usr/local/texlive/2024/texmf-dist/tex/generic/pgf/utilities/pgfkeys.code.tex)) (/usr/local/texlive/2024/texmf-dist/tex/latex/pgf/math/pgfmath.sty (/usr/local/texlive/2024/texmf-dist/tex/generic/pgf/math/pgfmath.code.tex)) (/usr/local/texlive/2024/texmf-dist/tex/generic/pgf/utilities/pgffor.code.tex
Package: pgffor 2023-01-15 v3.1.10 (3.1.10)
\pgffor@iter=\dimen268
\pgffor@skip=\dimen269
\pgffor@stack=\toks58
\pgffor@toks=\toks59
)) (/usr/local/texlive/2024/texmf-dist/tex/generic/pgf/frontendlayer/tikz/tikz.code.tex
Package: tikz 2023-01-15 v3.1.10 (3.1.10)
 (/usr/local/texlive/2024/texmf-dist/tex/generic/pgf/libraries/pgflibraryplothandlers.code.tex
File: pgflibraryplothandlers.code.tex 2023-01-15 v3.1.10 (3.1.10)
\pgf@plot@mark@count=\count324
\pgfplotmarksize=\dimen270
)
\tikz@lastx=\dimen271
\tikz@lasty=\dimen272
\tikz@lastxsaved=\dimen273
\tikz@lastysaved=\dimen274
\tikz@lastmovetox=\dimen275
\tikz@lastmovetoy=\dimen276
\tikzleveldistance=\dimen277
\tikzsiblingdistance=\dimen278
\tikz@figbox=\box65
\tikz@figbox@bg=\box66
\tikz@tempbox=\box67
\tikz@tempbox@bg=\box68
\tikztreelevel=\count325
\tikznumberofchildren=\count326
\tikznumberofcurrentchild=\count327
\tikz@fig@count=\count328
 (/usr/local/texlive/2024/texmf-dist/tex/generic/pgf/modules/pgfmodulematrix.code.tex
File: pgfmodulematrix.code.tex 2023-01-15 v3.1.10 (3.1.10)
\pgfmatrixcurrentrow=\count329
\pgfmatrixcurrentcolumn=\count330
\pgf@matrix@numberofcolumns=\count331
)
\tikz@expandcount=\count332
 (/usr/local/texlive/2024/texmf-dist/tex/generic/pgf/frontendlayer/tikz/libraries/tikzlibrarytopaths.code.tex
File: tikzlibrarytopaths.code.tex 2023-01-15 v3.1.10 (3.1.10)
))) (/usr/local/texlive/2024/texmf-dist/tex/generic/pgfplots/pgfplots.code.tex (/usr/local/texlive/2024/texmf-dist/tex/generic/pgfplots/pgfplotscore.code.tex
\t@pgfplots@toka=\toks60
\t@pgfplots@tokb=\toks61
\t@pgfplots@tokc=\toks62
\pgfplots@tmpa=\dimen279
\c@pgfplots@coordindex=\count333
\c@pgfplots@scanlineindex=\count334
 (/usr/local/texlive/2024/texmf-dist/tex/generic/pgfplots/sys/pgfplotssysgeneric.code.tex)) (/usr/local/texlive/2024/texmf-dist/tex/generic/pgfplots/libs/pgfplotslibrary.code.tex) (/usr/local/texlive/2024/texmf-dist/tex/generic/pgfplots/oldpgfcompatib/pgfplotsoldpgfsupp_loader.code.tex (/usr/local/texlive/2024/texmf-dist/tex/generic/pgf/libraries/pgflibraryfpu.code.tex)
Package pgfplots: loading complementary utilities for your pgf version...
\t@pgf@toka=\toks63
\t@pgf@tokb=\toks64
\t@pgf@tokc=\toks65
(/usr/local/texlive/2024/texmf-dist/tex/generic/pgfplots/oldpgfcompatib/pgfplotsoldpgfsupp_pgfutil-common-lists.tex)) (/usr/local/texlive/2024/texmf-dist/tex/generic/pgfplots/util/pgfplotsutil.code.tex (/usr/local/texlive/2024/texmf-dist/tex/generic/pgfplots/liststructure/pgfplotsliststructure.code.tex) (/usr/local/texlive/2024/texmf-dist/tex/generic/pgfplots/liststructure/pgfplotsliststructureext.code.tex) (/usr/local/texlive/2024/texmf-dist/tex/generic/pgfplots/liststructure/pgfplotsarray.code.tex
\c@pgfplotsarray@tmp=\count335
) (/usr/local/texlive/2024/texmf-dist/tex/generic/pgfplots/liststructure/pgfplotsmatrix.code.tex) (/usr/local/texlive/2024/texmf-dist/tex/generic/pgfplots/numtable/pgfplotstableshared.code.tex
\c@pgfplotstable@counta=\count336
\t@pgfplotstable@a=\toks66
) (/usr/local/texlive/2024/texmf-dist/tex/generic/pgfplots/liststructure/pgfplotsdeque.code.tex) (/usr/local/texlive/2024/texmf-dist/tex/generic/pgfplots/util/pgfplotsbinary.code.tex (/usr/local/texlive/2024/texmf-dist/tex/generic/pgfplots/util/pgfplotsbinary.data.code.tex)) (/usr/local/texlive/2024/texmf-dist/tex/generic/pgfplots/util/pgfplotsutil.verb.code.tex) (/usr/local/texlive/2024/texmf-dist/tex/generic/pgfplots/libs/pgflibrarypgfplots.surfshading.code.tex
\c@pgfplotslibrarysurf@no=\count337
 (/usr/local/texlive/2024/texmf-dist/tex/generic/pgfplots/sys/pgflibrarypgfplots.surfshading.pgfsys-xetex.def (/usr/local/texlive/2024/texmf-dist/tex/generic/pgfplots/sys/pgflibrarypgfplots.surfshading.pgfsys-dvipdfmx.def
\c@pgfplotslibrarysurf@streamlen=\count338
)))) (/usr/local/texlive/2024/texmf-dist/tex/generic/pgfplots/util/pgfplotscolormap.code.tex (/usr/local/texlive/2024/texmf-dist/tex/generic/pgfplots/util/pgfplotscolor.code.tex)) (/usr/local/texlive/2024/texmf-dist/tex/generic/pgfplots/pgfplotsstackedplots.code.tex) (/usr/local/texlive/2024/texmf-dist/tex/generic/pgfplots/pgfplotsplothandlers.code.tex (/usr/local/texlive/2024/texmf-dist/tex/generic/pgfplots/pgfplotsmeshplothandler.code.tex (/usr/local/texlive/2024/texmf-dist/tex/generic/pgfplots/pgfplotsmeshplotimage.code.tex))) (/usr/local/texlive/2024/texmf-dist/tex/generic/pgfplots/pgfplots.scaling.code.tex) (/usr/local/texlive/2024/texmf-dist/tex/generic/pgfplots/pgfplotscoordprocessing.code.tex) (/usr/local/texlive/2024/texmf-dist/tex/generic/pgfplots/pgfplots.errorbars.code.tex) (/usr/local/texlive/2024/texmf-dist/tex/generic/pgfplots/pgfplots.markers.code.tex) (/usr/local/texlive/2024/texmf-dist/tex/generic/pgfplots/pgfplotsticks.code.tex) (/usr/local/texlive/2024/texmf-dist/tex/generic/pgfplots/pgfplots.paths.code.tex) (/usr/local/texlive/2024/texmf-dist/tex/generic/pgf/frontendlayer/tikz/libraries/tikzlibrarydecorations.code.tex (/usr/local/texlive/2024/texmf-dist/tex/generic/pgf/modules/pgfmoduledecorations.code.tex
\pgfdecoratedcompleteddistance=\dimen280
\pgfdecoratedremainingdistance=\dimen281
\pgfdecoratedinputsegmentcompleteddistance=\dimen282
\pgfdecoratedinputsegmentremainingdistance=\dimen283
\pgf@decorate@distancetomove=\dimen284
\pgf@decorate@repeatstate=\count339
\pgfdecorationsegmentamplitude=\dimen285
\pgfdecorationsegmentlength=\dimen286
)
\tikz@lib@dec@box=\box69
) (/usr/local/texlive/2024/texmf-dist/tex/generic/pgf/frontendlayer/tikz/libraries/tikzlibrarydecorations.pathmorphing.code.tex (/usr/local/texlive/2024/texmf-dist/tex/generic/pgf/libraries/decorations/pgflibrarydecorations.pathmorphing.code.tex)) (/usr/local/texlive/2024/texmf-dist/tex/generic/pgf/frontendlayer/tikz/libraries/tikzlibrarydecorations.pathreplacing.code.tex (/usr/local/texlive/2024/texmf-dist/tex/generic/pgf/libraries/decorations/pgflibrarydecorations.pathreplacing.code.tex)) (/usr/local/texlive/2024/texmf-dist/tex/generic/pgfplots/libs/tikzlibrarypgfplots.contourlua.code.tex)
\pgfplots@numplots=\count340
\pgfplots@xmin@reg=\dimen287
\pgfplots@xmax@reg=\dimen288
\pgfplots@ymin@reg=\dimen289
\pgfplots@ymax@reg=\dimen290
\pgfplots@zmin@reg=\dimen291
\pgfplots@zmax@reg=\dimen292
) (/usr/local/texlive/2024/texmf-dist/tex/generic/pgf/frontendlayer/tikz/libraries/tikzlibraryplotmarks.code.tex
File: tikzlibraryplotmarks.code.tex 2023-01-15 v3.1.10 (3.1.10)
 (/usr/local/texlive/2024/texmf-dist/tex/generic/pgf/libraries/pgflibraryplotmarks.code.tex
File: pgflibraryplotmarks.code.tex 2023-01-15 v3.1.10 (3.1.10)
)))
\c@currclaimctr=\count341
\c@endclaimctr=\count342
\c@currremarkctr=\count343
\c@endremarkctr=\count344
\c@currhypothesisctr=\count345
\c@endhypothesisctr=\count346
 (/usr/local/texlive/2024/texmf-dist/tex/latex/algorithms/algorithmic.sty
Invalid UTF-8 byte or sequence at line 11 replaced by U+FFFD.
Package: algorithmic 2009/08/24 v0.1 Document Style `algorithmic'
\c@ALC@unique=\count347
\c@ALC@line=\count348
\c@ALC@rem=\count349
\c@ALC@depth=\count350
\ALC@tlm=\skip73
\algorithmicindent=\skip74
) (/usr/local/texlive/2024/texmf-dist/tex/latex/epstopdf-pkg/epstopdf.sty
Package: epstopdf 2020-01-24 v2.11 Conversion with epstopdf on the fly (HO)
 (/usr/local/texlive/2024/texmf-dist/tex/latex/grfext/grfext.sty
Package: grfext 2019/12/03 v1.3 Manage graphics extensions (HO)
) (/usr/local/texlive/2024/texmf-dist/tex/latex/epstopdf-pkg/epstopdf-base.sty
Package: epstopdf-base 2020-01-24 v2.11 Base part for package epstopdf


Package epstopdf Warning: Drivers other than `pdftex' and `luatex' are not supported.

)) (/usr/local/texlive/2024/texmf-dist/tex/latex/tools/xspace.sty
Package: xspace 2014/10/28 v1.13 Space after command names (DPC,MH)
) (/usr/local/texlive/2024/texmf-dist/tex/latex/bold-extra/bold-extra.sty
Package: bold-extra 2001/11/13 v0.1 Use fonts from cm/mf-extra/bold
) (/usr/local/texlive/2024/texmf-dist/tex/latex/tcolorbox/tcolorbox.sty
Package: tcolorbox 2024/01/10 version 6.2.0 text color boxes
 (/usr/local/texlive/2024/texmf-dist/tex/latex/tools/verbatim.sty
Package: verbatim 2023-11-06 v1.5v LaTeX2e package for verbatim enhancements
\every@verbatim=\toks67
\verbatim@line=\toks68
\verbatim@in@stream=\read3
) (/usr/local/texlive/2024/texmf-dist/tex/latex/environ/environ.sty
Package: environ 2014/05/04 v0.3 A new way to define environments
 (/usr/local/texlive/2024/texmf-dist/tex/latex/trimspaces/trimspaces.sty
Package: trimspaces 2009/09/17 v1.1 Trim spaces around a token list
))
\tcb@titlebox=\box70
\tcb@upperbox=\box71
\tcb@lowerbox=\box72
\tcb@phantombox=\box73
\c@tcbbreakpart=\count351
\c@tcblayer=\count352
\c@tcolorbox@number=\count353
\l__tcobox_tmpa_box=\box74
\l__tcobox_tmpa_dim=\dimen293
\tcb@temp=\box75
\tcb@temp=\box76
\tcb@temp=\box77
\tcb@temp=\box78
 (/usr/local/texlive/2024/texmf-dist/tex/latex/tcolorbox/tcbraster.code.tex
Library (tcolorbox): 'tcbraster.code.tex' version '6.2.0'
\c@tcbrastercolumn=\count354
\c@tcbrasterrow=\count355
\c@tcbrasternum=\count356
\c@tcbraster=\count357
) (/usr/local/texlive/2024/texmf-dist/tex/latex/tcolorbox/tcbskins.code.tex
Library (tcolorbox): 'tcbskins.code.tex' version '6.2.0'
(/usr/local/texlive/2024/texmf-dist/tex/latex/tikzfill/tikzfill.image.sty
Package: tikzfill.image 2023/08/08 v1.0.1 Image filling library for TikZ
 (/usr/local/texlive/2024/texmf-dist/tex/latex/tikzfill/tikzfill-common.sty
Package: tikzfill-common 2023/08/08 v1.0.1 Auxiliary code for tikzfill
) (/usr/local/texlive/2024/texmf-dist/tex/latex/tikzfill/tikzlibraryfill.image.code.tex
File: tikzlibraryfill.image.code.tex 2023/08/08 v1.0.1 Image filling library
\l__tikzfill_img_box=\box79
)) (/usr/local/texlive/2024/texmf-dist/tex/latex/tcolorbox/tcbskinsjigsaw.code.tex
Library (tcolorbox): 'tcbskinsjigsaw.code.tex' version '6.2.0'
)) (/usr/local/texlive/2024/texmf-dist/tex/latex/tcolorbox/tcbbreakable.code.tex
Library (tcolorbox): 'tcbbreakable.code.tex' version '6.2.0'
(/usr/local/texlive/2024/texmf-dist/tex/latex/pdfcol/pdfcol.sty
Package: pdfcol 2022-09-21 v1.7 Handle new color stacks for pdfTeX (HO)
Package pdfcol Info: Interface disabled because of missing PDF mode of pdfTeX.
)
Package pdfcol Info: pdfTeX's color stacks are not available.
\tcb@testbox=\box80
\tcb@totalupperbox=\box81
\tcb@totallowerbox=\box82
) (/usr/local/texlive/2024/texmf-dist/tex/latex/tcolorbox/tcbhooks.code.tex
Library (tcolorbox): 'tcbhooks.code.tex' version '6.2.0'
) (/usr/local/texlive/2024/texmf-dist/tex/latex/tcolorbox/tcbtheorems.code.tex
Library (tcolorbox): 'tcbtheorems.code.tex' version '6.2.0'
) (/usr/local/texlive/2024/texmf-dist/tex/latex/tcolorbox/tcbfitting.code.tex
Library (tcolorbox): 'tcbfitting.code.tex' version '6.2.0'
\tcbfitdim=\dimen294
\tcb@lowerfitdim=\dimen295
\tcb@upperfitdim=\dimen296
\tcb@cur@hbadness=\count358
) (/usr/local/texlive/2024/texmf-dist/tex/latex/tcolorbox/tcblistingsutf8.code.tex
Library (tcolorbox): 'tcblistingsutf8.code.tex' version '6.2.0'
(/usr/local/texlive/2024/texmf-dist/tex/latex/tcolorbox/tcblistings.code.tex
Library (tcolorbox): 'tcblistings.code.tex' version '6.2.0'
(/usr/local/texlive/2024/texmf-dist/tex/latex/listings/listings.sty
\lst@mode=\count359
\lst@gtempboxa=\box83
\lst@token=\toks69
\lst@length=\count360
\lst@currlwidth=\dimen297
\lst@column=\count361
\lst@pos=\count362
\lst@lostspace=\dimen298
\lst@width=\dimen299
\lst@newlines=\count363
\lst@lineno=\count364
\lst@maxwidth=\dimen300
 (/usr/local/texlive/2024/texmf-dist/tex/latex/listings/lstpatch.sty
File: lstpatch.sty 2024/02/21 1.10 (Carsten Heinz)
) (/usr/local/texlive/2024/texmf-dist/tex/latex/listings/lstmisc.sty
File: lstmisc.sty 2024/02/21 1.10 (Carsten Heinz)
\c@lstnumber=\count365
\lst@skipnumbers=\count366
\lst@framebox=\box84
) (/usr/local/texlive/2024/texmf-dist/tex/latex/listings/listings.cfg
File: listings.cfg 2024/02/21 1.10 listings configuration
))
Package: listings 2024/02/21 1.10 (Carsten Heinz)
 (/usr/local/texlive/2024/texmf-dist/tex/latex/tcolorbox/tcblistingscore.code.tex
Library (tcolorbox): 'tcblistingscore.code.tex' version '6.2.0'
(/usr/local/texlive/2024/texmf-dist/tex/latex/tcolorbox/tcbprocessing.code.tex
Library (tcolorbox): 'tcbprocessing.code.tex' version '6.2.0'
)
\c@tcblisting=\count367
))
Package tcolorbox Info: Library `listingsutf8' is compatible with pdftex only. Library `listings` is loaded instead. on input line 29.
) (/usr/local/texlive/2024/texmf-dist/tex/latex/tcolorbox/tcbexternal.code.tex
Library (tcolorbox): 'tcbexternal.code.tex' version '6.2.0'
) (/usr/local/texlive/2024/texmf-dist/tex/latex/tcolorbox/tcbmagazine.code.tex
Library (tcolorbox): 'tcbmagazine.code.tex' version '6.2.0'
) (/usr/local/texlive/2024/texmf-dist/tex/latex/tcolorbox/tcbvignette.code.tex
Library (tcolorbox): 'tcbvignette.code.tex' version '6.2.0'
(/usr/local/texlive/2024/texmf-dist/tex/generic/pgf/frontendlayer/tikz/libraries/tikzlibraryfadings.code.tex
File: tikzlibraryfadings.code.tex 2023-01-15 v3.1.10 (3.1.10)
 (/usr/local/texlive/2024/texmf-dist/tex/generic/pgf/libraries/pgflibraryfadings.code.tex
File: pgflibraryfadings.code.tex 2023-01-15 v3.1.10 (3.1.10)
))) (/usr/local/texlive/2024/texmf-dist/tex/latex/tcolorbox/tcbposter.code.tex
Library (tcolorbox): 'tcbposter.code.tex' version '6.2.0'
))
\c@example=\count368
\g__tcobox_out_iow=\write4
\openout4 = `tmp_docsiamart_header.tex'.

 (./tmp_docsiamart_header.tex) (/usr/local/texlive/2024/texmf-dist/tex/latex/l3backend/l3backend-xetex.def
File: l3backend-xetex.def 2024-02-20 L3 backend support: XeTeX
\g__graphics_track_int=\count369
\l__pdf_internal_box=\box85
\g__pdf_backend_object_int=\count370
\g__pdf_backend_annotation_int=\count371
\g__pdf_backend_link_int=\count372
)
No file docsiamart.aux.
\openout1 = `docsiamart.aux'.

LaTeX Font Info:    Checking defaults for OML/cmm/m/it on input line 130.
LaTeX Font Info:    ... okay on input line 130.
LaTeX Font Info:    Checking defaults for OMS/cmsy/m/n on input line 130.
LaTeX Font Info:    ... okay on input line 130.
LaTeX Font Info:    Checking defaults for OT1/cmr/m/n on input line 130.
LaTeX Font Info:    ... okay on input line 130.
LaTeX Font Info:    Checking defaults for T1/cmr/m/n on input line 130.
LaTeX Font Info:    ... okay on input line 130.
LaTeX Font Info:    Checking defaults for TS1/cmr/m/n on input line 130.
LaTeX Font Info:    Trying to load font information for TS1+cmr on input line 130.
(/usr/local/texlive/2024/texmf-dist/tex/latex/base/ts1cmr.fd
File: ts1cmr.fd 2023/04/13 v2.5m Standard LaTeX font definitions
)
LaTeX Font Info:    ... okay on input line 130.
LaTeX Font Info:    Checking defaults for TU/lmr/m/n on input line 130.
LaTeX Font Info:    ... okay on input line 130.
LaTeX Font Info:    Checking defaults for OMX/cmex/m/n on input line 130.
LaTeX Font Info:    ... okay on input line 130.
LaTeX Font Info:    Checking defaults for U/cmr/m/n on input line 130.
LaTeX Font Info:    ... okay on input line 130.
LaTeX Font Info:    Checking defaults for PD1/pdf/m/n on input line 130.
LaTeX Font Info:    ... okay on input line 130.
LaTeX Font Info:    Checking defaults for PU/pdf/m/n on input line 130.
LaTeX Font Info:    ... okay on input line 130.
Package hyperref Info: Link coloring ON on input line 130.
\@outlinefile=\write5
\openout5 = `docsiamart.out'.



Package hyperref Warning: Rerun to get /PageLabels entry.

Package caption Info: Begin \AtBeginDocument code.
Package caption Info: subfig package v1.3 is loaded.
Package caption Info: End \AtBeginDocument code.

Package pgfplots Warning: running in backwards compatibility mode (unsuitable tick labels; missing features). Consider writing \pgfplotsset{compat=1.18} into your preamble.
 on input line 130.

\c@lstlisting=\count373
LaTeX Font Info:    Trying to load font information for U+msa on input line 132.
(/usr/local/texlive/2024/texmf-dist/tex/latex/amsfonts/umsa.fd
File: umsa.fd 2013/01/14 v3.01 AMS symbols A
)
LaTeX Font Info:    Trying to load font information for U+msb on input line 132.
 (/usr/local/texlive/2024/texmf-dist/tex/latex/amsfonts/umsb.fd
File: umsb.fd 2013/01/14 v3.01 AMS symbols B
)
\openout4 = `tmp_docsiamart_abstract.tex'.

 (./tmp_docsiamart_abstract.tex)
/Users/hyunseongkim/Dropbox/main/Projects/OptTrot/paper/SIAM Template/siamart_220329/docsiamart.tex:163: Undefined control sequence.
<argument> \pdf@box 
                    
l.163 ...ww.siam.org/journals/pdf/stylemanual.pdf}
                                                  .
The control sequence at the end of the top line
of your error message was never \def'ed. If you have
misspelled it (e.g., `\hobx'), type `I' and the correct
spelling (e.g., `I\hbox'). Otherwise just continue,
and I'll forget about whatever was undefined.

/Users/hyunseongkim/Dropbox/main/Projects/OptTrot/paper/SIAM Template/siamart_220329/docsiamart.tex:163: Missing number, treated as zero.
<to be read again> 
                   \hbox 
l.163 ...ww.siam.org/journals/pdf/stylemanual.pdf}
                                                  .
A number should have been here; I inserted `0'.
(If you can't figure out why I needed to see a number,
look up `weird error' in the index to The TeXbook.)

/Users/hyunseongkim/Dropbox/main/Projects/OptTrot/paper/SIAM Template/siamart_220329/docsiamart.tex:163: Undefined control sequence.
\burl@condpdflink ...\fi \fi \dimen@ \ht \pdf@box 
                                                  \dimen@ii \dp \pdf@box \sb...
l.163 ...ww.siam.org/journals/pdf/stylemanual.pdf}
                                                  .
The control sequence at the end of the top line
of your error message was never \def'ed. If you have
misspelled it (e.g., `\hobx'), type `I' and the correct
spelling (e.g., `I\hbox'). Otherwise just continue,
and I'll forget about whatever was undefined.

/Users/hyunseongkim/Dropbox/main/Projects/OptTrot/paper/SIAM Template/siamart_220329/docsiamart.tex:163: Bad register code (1630536).
\burl@condpdflink ...imen@ \ht \pdf@box \dimen@ii 
                                                  \dp \pdf@box \sbox \pdf@bo...
l.163 ...ww.siam.org/journals/pdf/stylemanual.pdf}
                                                  .
A register number must be between 0 and 32767.
I changed this one to zero.

/Users/hyunseongkim/Dropbox/main/Projects/OptTrot/paper/SIAM Template/siamart_220329/docsiamart.tex:163: Undefined control sequence.
\burl@condpdflink ...f@box \dimen@ii \dp \pdf@box 
                                                  \sbox \pdf@box {#1}\ifdim ...
l.163 ...ww.siam.org/journals/pdf/stylemanual.pdf}
                                                  .
The control sequence at the end of the top line
of your error message was never \def'ed. If you have
misspelled it (e.g., `\hobx'), type `I' and the correct
spelling (e.g., `I\hbox'). Otherwise just continue,
and I'll forget about whatever was undefined.

/Users/hyunseongkim/Dropbox/main/Projects/OptTrot/paper/SIAM Template/siamart_220329/docsiamart.tex:163: Missing number, treated as zero.
<to be read again> 
                   \protect 
l.163 ...ww.siam.org/journals/pdf/stylemanual.pdf}
                                                  .
A number should have been here; I inserted `0'.
(If you can't figure out why I needed to see a number,
look up `weird error' in the index to The TeXbook.)

/Users/hyunseongkim/Dropbox/main/Projects/OptTrot/paper/SIAM Template/siamart_220329/docsiamart.tex:163: Missing number, treated as zero.
<to be read again> 
                   \protect 
l.163 ...ww.siam.org/journals/pdf/stylemanual.pdf}
                                                  .
A number should have been here; I inserted `0'.
(If you can't figure out why I needed to see a number,
look up `weird error' in the index to The TeXbook.)

/Users/hyunseongkim/Dropbox/main/Projects/OptTrot/paper/SIAM Template/siamart_220329/docsiamart.tex:163: Illegal unit of measure (pt inserted).
<to be read again> 
                   \protect 
l.163 ...ww.siam.org/journals/pdf/stylemanual.pdf}
                                                  .
Dimensions can be in units of em, ex, in, pt, pc,
cm, mm, dd, cc, bp, or sp; but yours is a new one!
I'll assume that you meant to say pt, for printer's points.
To recover gracefully from this error, it's best to
delete the erroneous units; e.g., type `2' to delete
two letters. (See Chapter 27 of The TeXbook.)

/Users/hyunseongkim/Dropbox/main/Projects/OptTrot/paper/SIAM Template/siamart_220329/docsiamart.tex:163: Undefined control sequence.
<argument> \pdf@box 
                    
l.163 ...ww.siam.org/journals/pdf/stylemanual.pdf}
                                                  .
The control sequence at the end of the top line
of your error message was never \def'ed. If you have
misspelled it (e.g., `\hobx'), type `I' and the correct
spelling (e.g., `I\hbox'). Otherwise just continue,
and I'll forget about whatever was undefined.

/Users/hyunseongkim/Dropbox/main/Projects/OptTrot/paper/SIAM Template/siamart_220329/docsiamart.tex:163: Missing number, treated as zero.
<to be read again> 
                   \hbox 
l.163 ...ww.siam.org/journals/pdf/stylemanual.pdf}
                                                  .
A number should have been here; I inserted `0'.
(If you can't figure out why I needed to see a number,
look up `weird error' in the index to The TeXbook.)

/Users/hyunseongkim/Dropbox/main/Projects/OptTrot/paper/SIAM Template/siamart_220329/docsiamart.tex:163: Undefined control sequence.
\burl@condpdflink ...hbox \else \box \fi \pdf@box 
                                                  \ifdim \dimen@ =\z@ \liter...
l.163 ...ww.siam.org/journals/pdf/stylemanual.pdf}
                                                  .
The control sequence at the end of the top line
of your error message was never \def'ed. If you have
misspelled it (e.g., `\hobx'), type `I' and the correct
spelling (e.g., `I\hbox'). Otherwise just continue,
and I'll forget about whatever was undefined.

/Users/hyunseongkim/Dropbox/main/Projects/OptTrot/paper/SIAM Template/siamart_220329/docsiamart.tex:163: Missing number, treated as zero.
<to be read again> 
                   \raise 
l.163 ...ww.siam.org/journals/pdf/stylemanual.pdf}
                                                  .
A number should have been here; I inserted `0'.
(If you can't figure out why I needed to see a number,
look up `weird error' in the index to The TeXbook.)

/Users/hyunseongkim/Dropbox/main/Projects/OptTrot/paper/SIAM Template/siamart_220329/docsiamart.tex:163: Undefined control sequence.
\burl@condpdflink ...ut {BU.SE}}\fi \pdf@addtoksx 
                                                  {H.B}
l.163 ...ww.siam.org/journals/pdf/stylemanual.pdf}
                                                  .
The control sequence at the end of the top line
of your error message was never \def'ed. If you have
misspelled it (e.g., `\hobx'), type `I' and the correct
spelling (e.g., `I\hbox'). Otherwise just continue,
and I'll forget about whatever was undefined.

/Users/hyunseongkim/Dropbox/main/Projects/OptTrot/paper/SIAM Template/siamart_220329/docsiamart.tex:163: Undefined control sequence.
<argument> \pdf@box 
                    
l.163 ...ww.siam.org/journals/pdf/stylemanual.pdf}
                                                  .
The control sequence at the end of the top line
of your error message was never \def'ed. If you have
misspelled it (e.g., `\hobx'), type `I' and the correct
spelling (e.g., `I\hbox'). Otherwise just continue,
and I'll forget about whatever was undefined.

/Users/hyunseongkim/Dropbox/main/Projects/OptTrot/paper/SIAM Template/siamart_220329/docsiamart.tex:163: Missing number, treated as zero.
<to be read again> 
                   \hbox 
l.163 ...ww.siam.org/journals/pdf/stylemanual.pdf}
                                                  .
A number should have been here; I inserted `0'.
(If you can't figure out why I needed to see a number,
look up `weird error' in the index to The TeXbook.)

/Users/hyunseongkim/Dropbox/main/Projects/OptTrot/paper/SIAM Template/siamart_220329/docsiamart.tex:163: Undefined control sequence.
\burl@condpdflink ...\fi \fi \dimen@ \ht \pdf@box 
                                                  \dimen@ii \dp \pdf@box \sb...
l.163 ...ww.siam.org/journals/pdf/stylemanual.pdf}
                                                  .
The control sequence at the end of the top line
of your error message was never \def'ed. If you have
misspelled it (e.g., `\hobx'), type `I' and the correct
spelling (e.g., `I\hbox'). Otherwise just continue,
and I'll forget about whatever was undefined.

/Users/hyunseongkim/Dropbox/main/Projects/OptTrot/paper/SIAM Template/siamart_220329/docsiamart.tex:163: Bad register code (1630536).
\burl@condpdflink ...imen@ \ht \pdf@box \dimen@ii 
                                                  \dp \pdf@box \sbox \pdf@bo...
l.163 ...ww.siam.org/journals/pdf/stylemanual.pdf}
                                                  .
A register number must be between 0 and 32767.
I changed this one to zero.

/Users/hyunseongkim/Dropbox/main/Projects/OptTrot/paper/SIAM Template/siamart_220329/docsiamart.tex:163: Undefined control sequence.
\burl@condpdflink ...f@box \dimen@ii \dp \pdf@box 
                                                  \sbox \pdf@box {#1}\ifdim ...
l.163 ...ww.siam.org/journals/pdf/stylemanual.pdf}
                                                  .
The control sequence at the end of the top line
of your error message was never \def'ed. If you have
misspelled it (e.g., `\hobx'), type `I' and the correct
spelling (e.g., `I\hbox'). Otherwise just continue,
and I'll forget about whatever was undefined.

/Users/hyunseongkim/Dropbox/main/Projects/OptTrot/paper/SIAM Template/siamart_220329/docsiamart.tex:163: Missing number, treated as zero.
<to be read again> 
                   \protect 
l.163 ...ww.siam.org/journals/pdf/stylemanual.pdf}
                                                  .
A number should have been here; I inserted `0'.
(If you can't figure out why I needed to see a number,
look up `weird error' in the index to The TeXbook.)

/Users/hyunseongkim/Dropbox/main/Projects/OptTrot/paper/SIAM Template/siamart_220329/docsiamart.tex:163: Missing number, treated as zero.
<to be read again> 
                   \protect 
l.163 ...ww.siam.org/journals/pdf/stylemanual.pdf}
                                                  .
A number should have been here; I inserted `0'.
(If you can't figure out why I needed to see a number,
look up `weird error' in the index to The TeXbook.)

/Users/hyunseongkim/Dropbox/main/Projects/OptTrot/paper/SIAM Template/siamart_220329/docsiamart.tex:163: Illegal unit of measure (pt inserted).
<to be read again> 
                   \protect 
l.163 ...ww.siam.org/journals/pdf/stylemanual.pdf}
                                                  .
Dimensions can be in units of em, ex, in, pt, pc,
cm, mm, dd, cc, bp, or sp; but yours is a new one!
I'll assume that you meant to say pt, for printer's points.
To recover gracefully from this error, it's best to
delete the erroneous units; e.g., type `2' to delete
two letters. (See Chapter 27 of The TeXbook.)

/Users/hyunseongkim/Dropbox/main/Projects/OptTrot/paper/SIAM Template/siamart_220329/docsiamart.tex:163: Undefined control sequence.
<argument> \pdf@box 
                    
l.163 ...ww.siam.org/journals/pdf/stylemanual.pdf}
                                                  .
The control sequence at the end of the top line
of your error message was never \def'ed. If you have
misspelled it (e.g., `\hobx'), type `I' and the correct
spelling (e.g., `I\hbox'). Otherwise just continue,
and I'll forget about whatever was undefined.

/Users/hyunseongkim/Dropbox/main/Projects/OptTrot/paper/SIAM Template/siamart_220329/docsiamart.tex:163: Missing number, treated as zero.
<to be read again> 
                   \hbox 
l.163 ...ww.siam.org/journals/pdf/stylemanual.pdf}
                                                  .
A number should have been here; I inserted `0'.
(If you can't figure out why I needed to see a number,
look up `weird error' in the index to The TeXbook.)

/Users/hyunseongkim/Dropbox/main/Projects/OptTrot/paper/SIAM Template/siamart_220329/docsiamart.tex:163: Undefined control sequence.
\burl@condpdflink ...hbox \else \box \fi \pdf@box 
                                                  \ifdim \dimen@ =\z@ \liter...
l.163 ...ww.siam.org/journals/pdf/stylemanual.pdf}
                                                  .
The control sequence at the end of the top line
of your error message was never \def'ed. If you have
misspelled it (e.g., `\hobx'), type `I' and the correct
spelling (e.g., `I\hbox'). Otherwise just continue,
and I'll forget about whatever was undefined.

/Users/hyunseongkim/Dropbox/main/Projects/OptTrot/paper/SIAM Template/siamart_220329/docsiamart.tex:163: Missing number, treated as zero.
<to be read again> 
                   \raise 
l.163 ...ww.siam.org/journals/pdf/stylemanual.pdf}
                                                  .
A number should have been here; I inserted `0'.
(If you can't figure out why I needed to see a number,
look up `weird error' in the index to The TeXbook.)

/Users/hyunseongkim/Dropbox/main/Projects/OptTrot/paper/SIAM Template/siamart_220329/docsiamart.tex:163: Undefined control sequence.
\burl@condpdflink ...ut {BU.SE}}\fi \pdf@addtoksx 
                                                  {H.B}
l.163 ...ww.siam.org/journals/pdf/stylemanual.pdf}
                                                  .
The control sequence at the end of the top line
of your error message was never \def'ed. If you have
misspelled it (e.g., `\hobx'), type `I' and the correct
spelling (e.g., `I\hbox'). Otherwise just continue,
and I'll forget about whatever was undefined.

/Users/hyunseongkim/Dropbox/main/Projects/OptTrot/paper/SIAM Template/siamart_220329/docsiamart.tex:163: Undefined control sequence.
<argument> \pdf@box 
                    
l.163 ...ww.siam.org/journals/pdf/stylemanual.pdf}
                                                  .
The control sequence at the end of the top line
of your error message was never \def'ed. If you have
misspelled it (e.g., `\hobx'), type `I' and the correct
spelling (e.g., `I\hbox'). Otherwise just continue,
and I'll forget about whatever was undefined.

/Users/hyunseongkim/Dropbox/main/Projects/OptTrot/paper/SIAM Template/siamart_220329/docsiamart.tex:163: Missing number, treated as zero.
<to be read again> 
                   \hbox 
l.163 ...ww.siam.org/journals/pdf/stylemanual.pdf}
                                                  .
A number should have been here; I inserted `0'.
(If you can't figure out why I needed to see a number,
look up `weird error' in the index to The TeXbook.)

/Users/hyunseongkim/Dropbox/main/Projects/OptTrot/paper/SIAM Template/siamart_220329/docsiamart.tex:163: Undefined control sequence.
\burl@condpdflink ...\fi \fi \dimen@ \ht \pdf@box 
                                                  \dimen@ii \dp \pdf@box \sb...
l.163 ...ww.siam.org/journals/pdf/stylemanual.pdf}
                                                  .
The control sequence at the end of the top line
of your error message was never \def'ed. If you have
misspelled it (e.g., `\hobx'), type `I' and the correct
spelling (e.g., `I\hbox'). Otherwise just continue,
and I'll forget about whatever was undefined.

/Users/hyunseongkim/Dropbox/main/Projects/OptTrot/paper/SIAM Template/siamart_220329/docsiamart.tex:163: Bad register code (1630536).
\burl@condpdflink ...imen@ \ht \pdf@box \dimen@ii 
                                                  \dp \pdf@box \sbox \pdf@bo...
l.163 ...ww.siam.org/journals/pdf/stylemanual.pdf}
                                                  .
A register number must be between 0 and 32767.
I changed this one to zero.

/Users/hyunseongkim/Dropbox/main/Projects/OptTrot/paper/SIAM Template/siamart_220329/docsiamart.tex:163: Undefined control sequence.
\burl@condpdflink ...f@box \dimen@ii \dp \pdf@box 
                                                  \sbox \pdf@box {#1}\ifdim ...
l.163 ...ww.siam.org/journals/pdf/stylemanual.pdf}
                                                  .
The control sequence at the end of the top line
of your error message was never \def'ed. If you have
misspelled it (e.g., `\hobx'), type `I' and the correct
spelling (e.g., `I\hbox'). Otherwise just continue,
and I'll forget about whatever was undefined.

/Users/hyunseongkim/Dropbox/main/Projects/OptTrot/paper/SIAM Template/siamart_220329/docsiamart.tex:163: Missing number, treated as zero.
<to be read again> 
                   \protect 
l.163 ...ww.siam.org/journals/pdf/stylemanual.pdf}
                                                  .
A number should have been here; I inserted `0'.
(If you can't figure out why I needed to see a number,
look up `weird error' in the index to The TeXbook.)

/Users/hyunseongkim/Dropbox/main/Projects/OptTrot/paper/SIAM Template/siamart_220329/docsiamart.tex:163: Missing number, treated as zero.
<to be read again> 
                   \protect 
l.163 ...ww.siam.org/journals/pdf/stylemanual.pdf}
                                                  .
A number should have been here; I inserted `0'.
(If you can't figure out why I needed to see a number,
look up `weird error' in the index to The TeXbook.)

/Users/hyunseongkim/Dropbox/main/Projects/OptTrot/paper/SIAM Template/siamart_220329/docsiamart.tex:163: Illegal unit of measure (pt inserted).
<to be read again> 
                   \protect 
l.163 ...ww.siam.org/journals/pdf/stylemanual.pdf}
                                                  .
Dimensions can be in units of em, ex, in, pt, pc,
cm, mm, dd, cc, bp, or sp; but yours is a new one!
I'll assume that you meant to say pt, for printer's points.
To recover gracefully from this error, it's best to
delete the erroneous units; e.g., type `2' to delete
two letters. (See Chapter 27 of The TeXbook.)

/Users/hyunseongkim/Dropbox/main/Projects/OptTrot/paper/SIAM Template/siamart_220329/docsiamart.tex:163: Undefined control sequence.
<argument> \pdf@box 
                    
l.163 ...ww.siam.org/journals/pdf/stylemanual.pdf}
                                                  .
The control sequence at the end of the top line
of your error message was never \def'ed. If you have
misspelled it (e.g., `\hobx'), type `I' and the correct
spelling (e.g., `I\hbox'). Otherwise just continue,
and I'll forget about whatever was undefined.

/Users/hyunseongkim/Dropbox/main/Projects/OptTrot/paper/SIAM Template/siamart_220329/docsiamart.tex:163: Missing number, treated as zero.
<to be read again> 
                   \hbox 
l.163 ...ww.siam.org/journals/pdf/stylemanual.pdf}
                                                  .
A number should have been here; I inserted `0'.
(If you can't figure out why I needed to see a number,
look up `weird error' in the index to The TeXbook.)

/Users/hyunseongkim/Dropbox/main/Projects/OptTrot/paper/SIAM Template/siamart_220329/docsiamart.tex:163: Undefined control sequence.
\burl@condpdflink ...hbox \else \box \fi \pdf@box 
                                                  \ifdim \dimen@ =\z@ \liter...
l.163 ...ww.siam.org/journals/pdf/stylemanual.pdf}
                                                  .
The control sequence at the end of the top line
of your error message was never \def'ed. If you have
misspelled it (e.g., `\hobx'), type `I' and the correct
spelling (e.g., `I\hbox'). Otherwise just continue,
and I'll forget about whatever was undefined.

/Users/hyunseongkim/Dropbox/main/Projects/OptTrot/paper/SIAM Template/siamart_220329/docsiamart.tex:163: Missing number, treated as zero.
<to be read again> 
                   \raise 
l.163 ...ww.siam.org/journals/pdf/stylemanual.pdf}
                                                  .
A number should have been here; I inserted `0'.
(If you can't figure out why I needed to see a number,
look up `weird error' in the index to The TeXbook.)

/Users/hyunseongkim/Dropbox/main/Projects/OptTrot/paper/SIAM Template/siamart_220329/docsiamart.tex:163: Undefined control sequence.
\burl@condpdflink ...ut {BU.SE}}\fi \pdf@addtoksx 
                                                  {H.B}
l.163 ...ww.siam.org/journals/pdf/stylemanual.pdf}
                                                  .
The control sequence at the end of the top line
of your error message was never \def'ed. If you have
misspelled it (e.g., `\hobx'), type `I' and the correct
spelling (e.g., `I\hbox'). Otherwise just continue,
and I'll forget about whatever was undefined.

/Users/hyunseongkim/Dropbox/main/Projects/OptTrot/paper/SIAM Template/siamart_220329/docsiamart.tex:163: Undefined control sequence.
<argument> \pdf@box 
                    
l.163 ...ww.siam.org/journals/pdf/stylemanual.pdf}
                                                  .
The control sequence at the end of the top line
of your error message was never \def'ed. If you have
misspelled it (e.g., `\hobx'), type `I' and the correct
spelling (e.g., `I\hbox'). Otherwise just continue,
and I'll forget about whatever was undefined.

/Users/hyunseongkim/Dropbox/main/Projects/OptTrot/paper/SIAM Template/siamart_220329/docsiamart.tex:163: Missing number, treated as zero.
<to be read again> 
                   \hbox 
l.163 ...ww.siam.org/journals/pdf/stylemanual.pdf}
                                                  .
A number should have been here; I inserted `0'.
(If you can't figure out why I needed to see a number,
look up `weird error' in the index to The TeXbook.)

/Users/hyunseongkim/Dropbox/main/Projects/OptTrot/paper/SIAM Template/siamart_220329/docsiamart.tex:163: Undefined control sequence.
\burl@condpdflink ...\fi \fi \dimen@ \ht \pdf@box 
                                                  \dimen@ii \dp \pdf@box \sb...
l.163 ...ww.siam.org/journals/pdf/stylemanual.pdf}
                                                  .
The control sequence at the end of the top line
of your error message was never \def'ed. If you have
misspelled it (e.g., `\hobx'), type `I' and the correct
spelling (e.g., `I\hbox'). Otherwise just continue,
and I'll forget about whatever was undefined.

/Users/hyunseongkim/Dropbox/main/Projects/OptTrot/paper/SIAM Template/siamart_220329/docsiamart.tex:163: Bad register code (1630536).
\burl@condpdflink ...imen@ \ht \pdf@box \dimen@ii 
                                                  \dp \pdf@box \sbox \pdf@bo...
l.163 ...ww.siam.org/journals/pdf/stylemanual.pdf}
                                                  .
A register number must be between 0 and 32767.
I changed this one to zero.

/Users/hyunseongkim/Dropbox/main/Projects/OptTrot/paper/SIAM Template/siamart_220329/docsiamart.tex:163: Undefined control sequence.
\burl@condpdflink ...f@box \dimen@ii \dp \pdf@box 
                                                  \sbox \pdf@box {#1}\ifdim ...
l.163 ...ww.siam.org/journals/pdf/stylemanual.pdf}
                                                  .
The control sequence at the end of the top line
of your error message was never \def'ed. If you have
misspelled it (e.g., `\hobx'), type `I' and the correct
spelling (e.g., `I\hbox'). Otherwise just continue,
and I'll forget about whatever was undefined.

/Users/hyunseongkim/Dropbox/main/Projects/OptTrot/paper/SIAM Template/siamart_220329/docsiamart.tex:163: Missing number, treated as zero.
<to be read again> 
                   \protect 
l.163 ...ww.siam.org/journals/pdf/stylemanual.pdf}
                                                  .
A number should have been here; I inserted `0'.
(If you can't figure out why I needed to see a number,
look up `weird error' in the index to The TeXbook.)

/Users/hyunseongkim/Dropbox/main/Projects/OptTrot/paper/SIAM Template/siamart_220329/docsiamart.tex:163: Missing number, treated as zero.
<to be read again> 
                   \protect 
l.163 ...ww.siam.org/journals/pdf/stylemanual.pdf}
                                                  .
A number should have been here; I inserted `0'.
(If you can't figure out why I needed to see a number,
look up `weird error' in the index to The TeXbook.)

/Users/hyunseongkim/Dropbox/main/Projects/OptTrot/paper/SIAM Template/siamart_220329/docsiamart.tex:163: Illegal unit of measure (pt inserted).
<to be read again> 
                   \protect 
l.163 ...ww.siam.org/journals/pdf/stylemanual.pdf}
                                                  .
Dimensions can be in units of em, ex, in, pt, pc,
cm, mm, dd, cc, bp, or sp; but yours is a new one!
I'll assume that you meant to say pt, for printer's points.
To recover gracefully from this error, it's best to
delete the erroneous units; e.g., type `2' to delete
two letters. (See Chapter 27 of The TeXbook.)

/Users/hyunseongkim/Dropbox/main/Projects/OptTrot/paper/SIAM Template/siamart_220329/docsiamart.tex:163: Undefined control sequence.
<argument> \pdf@box 
                    
l.163 ...ww.siam.org/journals/pdf/stylemanual.pdf}
                                                  .
The control sequence at the end of the top line
of your error message was never \def'ed. If you have
misspelled it (e.g., `\hobx'), type `I' and the correct
spelling (e.g., `I\hbox'). Otherwise just continue,
and I'll forget about whatever was undefined.

/Users/hyunseongkim/Dropbox/main/Projects/OptTrot/paper/SIAM Template/siamart_220329/docsiamart.tex:163: Missing number, treated as zero.
<to be read again> 
                   \hbox 
l.163 ...ww.siam.org/journals/pdf/stylemanual.pdf}
                                                  .
A number should have been here; I inserted `0'.
(If you can't figure out why I needed to see a number,
look up `weird error' in the index to The TeXbook.)

/Users/hyunseongkim/Dropbox/main/Projects/OptTrot/paper/SIAM Template/siamart_220329/docsiamart.tex:163: Undefined control sequence.
\burl@condpdflink ...hbox \else \box \fi \pdf@box 
                                                  \ifdim \dimen@ =\z@ \liter...
l.163 ...ww.siam.org/journals/pdf/stylemanual.pdf}
                                                  .
The control sequence at the end of the top line
of your error message was never \def'ed. If you have
misspelled it (e.g., `\hobx'), type `I' and the correct
spelling (e.g., `I\hbox'). Otherwise just continue,
and I'll forget about whatever was undefined.

/Users/hyunseongkim/Dropbox/main/Projects/OptTrot/paper/SIAM Template/siamart_220329/docsiamart.tex:163: Missing number, treated as zero.
<to be read again> 
                   \raise 
l.163 ...ww.siam.org/journals/pdf/stylemanual.pdf}
                                                  .
A number should have been here; I inserted `0'.
(If you can't figure out why I needed to see a number,
look up `weird error' in the index to The TeXbook.)

/Users/hyunseongkim/Dropbox/main/Projects/OptTrot/paper/SIAM Template/siamart_220329/docsiamart.tex:163: Undefined control sequence.
\burl@condpdflink ...ut {BU.SE}}\fi \pdf@addtoksx 
                                                  {H.B}
l.163 ...ww.siam.org/journals/pdf/stylemanual.pdf}
                                                  .
The control sequence at the end of the top line
of your error message was never \def'ed. If you have
misspelled it (e.g., `\hobx'), type `I' and the correct
spelling (e.g., `I\hbox'). Otherwise just continue,
and I'll forget about whatever was undefined.

/Users/hyunseongkim/Dropbox/main/Projects/OptTrot/paper/SIAM Template/siamart_220329/docsiamart.tex:163: Undefined control sequence.
<argument> \pdf@box 
                    
l.163 ...ww.siam.org/journals/pdf/stylemanual.pdf}
                                                  .
The control sequence at the end of the top line
of your error message was never \def'ed. If you have
misspelled it (e.g., `\hobx'), type `I' and the correct
spelling (e.g., `I\hbox'). Otherwise just continue,
and I'll forget about whatever was undefined.

/Users/hyunseongkim/Dropbox/main/Projects/OptTrot/paper/SIAM Template/siamart_220329/docsiamart.tex:163: Missing number, treated as zero.
<to be read again> 
                   \hbox 
l.163 ...ww.siam.org/journals/pdf/stylemanual.pdf}
                                                  .
A number should have been here; I inserted `0'.
(If you can't figure out why I needed to see a number,
look up `weird error' in the index to The TeXbook.)

/Users/hyunseongkim/Dropbox/main/Projects/OptTrot/paper/SIAM Template/siamart_220329/docsiamart.tex:163: Undefined control sequence.
\burl@condpdflink ...\fi \fi \dimen@ \ht \pdf@box 
                                                  \dimen@ii \dp \pdf@box \sb...
l.163 ...ww.siam.org/journals/pdf/stylemanual.pdf}
                                                  .
The control sequence at the end of the top line
of your error message was never \def'ed. If you have
misspelled it (e.g., `\hobx'), type `I' and the correct
spelling (e.g., `I\hbox'). Otherwise just continue,
and I'll forget about whatever was undefined.

/Users/hyunseongkim/Dropbox/main/Projects/OptTrot/paper/SIAM Template/siamart_220329/docsiamart.tex:163: Bad register code (1630536).
\burl@condpdflink ...imen@ \ht \pdf@box \dimen@ii 
                                                  \dp \pdf@box \sbox \pdf@bo...
l.163 ...ww.siam.org/journals/pdf/stylemanual.pdf}
                                                  .
A register number must be between 0 and 32767.
I changed this one to zero.

/Users/hyunseongkim/Dropbox/main/Projects/OptTrot/paper/SIAM Template/siamart_220329/docsiamart.tex:163: Undefined control sequence.
\burl@condpdflink ...f@box \dimen@ii \dp \pdf@box 
                                                  \sbox \pdf@box {#1}\ifdim ...
l.163 ...ww.siam.org/journals/pdf/stylemanual.pdf}
                                                  .
The control sequence at the end of the top line
of your error message was never \def'ed. If you have
misspelled it (e.g., `\hobx'), type `I' and the correct
spelling (e.g., `I\hbox'). Otherwise just continue,
and I'll forget about whatever was undefined.

/Users/hyunseongkim/Dropbox/main/Projects/OptTrot/paper/SIAM Template/siamart_220329/docsiamart.tex:163: Missing number, treated as zero.
<to be read again> 
                   \protect 
l.163 ...ww.siam.org/journals/pdf/stylemanual.pdf}
                                                  .
A number should have been here; I inserted `0'.
(If you can't figure out why I needed to see a number,
look up `weird error' in the index to The TeXbook.)

/Users/hyunseongkim/Dropbox/main/Projects/OptTrot/paper/SIAM Template/siamart_220329/docsiamart.tex:163: Missing number, treated as zero.
<to be read again> 
                   \protect 
l.163 ...ww.siam.org/journals/pdf/stylemanual.pdf}
                                                  .
A number should have been here; I inserted `0'.
(If you can't figure out why I needed to see a number,
look up `weird error' in the index to The TeXbook.)

/Users/hyunseongkim/Dropbox/main/Projects/OptTrot/paper/SIAM Template/siamart_220329/docsiamart.tex:163: Illegal unit of measure (pt inserted).
<to be read again> 
                   \protect 
l.163 ...ww.siam.org/journals/pdf/stylemanual.pdf}
                                                  .
Dimensions can be in units of em, ex, in, pt, pc,
cm, mm, dd, cc, bp, or sp; but yours is a new one!
I'll assume that you meant to say pt, for printer's points.
To recover gracefully from this error, it's best to
delete the erroneous units; e.g., type `2' to delete
two letters. (See Chapter 27 of The TeXbook.)

/Users/hyunseongkim/Dropbox/main/Projects/OptTrot/paper/SIAM Template/siamart_220329/docsiamart.tex:163: Undefined control sequence.
<argument> \pdf@box 
                    
l.163 ...ww.siam.org/journals/pdf/stylemanual.pdf}
                                                  .
The control sequence at the end of the top line
of your error message was never \def'ed. If you have
misspelled it (e.g., `\hobx'), type `I' and the correct
spelling (e.g., `I\hbox'). Otherwise just continue,
and I'll forget about whatever was undefined.

/Users/hyunseongkim/Dropbox/main/Projects/OptTrot/paper/SIAM Template/siamart_220329/docsiamart.tex:163: Missing number, treated as zero.
<to be read again> 
                   \hbox 
l.163 ...ww.siam.org/journals/pdf/stylemanual.pdf}
                                                  .
A number should have been here; I inserted `0'.
(If you can't figure out why I needed to see a number,
look up `weird error' in the index to The TeXbook.)

/Users/hyunseongkim/Dropbox/main/Projects/OptTrot/paper/SIAM Template/siamart_220329/docsiamart.tex:163: Undefined control sequence.
\burl@condpdflink ...hbox \else \box \fi \pdf@box 
                                                  \ifdim \dimen@ =\z@ \liter...
l.163 ...ww.siam.org/journals/pdf/stylemanual.pdf}
                                                  .
The control sequence at the end of the top line
of your error message was never \def'ed. If you have
misspelled it (e.g., `\hobx'), type `I' and the correct
spelling (e.g., `I\hbox'). Otherwise just continue,
and I'll forget about whatever was undefined.

/Users/hyunseongkim/Dropbox/main/Projects/OptTrot/paper/SIAM Template/siamart_220329/docsiamart.tex:163: Missing number, treated as zero.
<to be read again> 
                   \raise 
l.163 ...ww.siam.org/journals/pdf/stylemanual.pdf}
                                                  .
A number should have been here; I inserted `0'.
(If you can't figure out why I needed to see a number,
look up `weird error' in the index to The TeXbook.)

/Users/hyunseongkim/Dropbox/main/Projects/OptTrot/paper/SIAM Template/siamart_220329/docsiamart.tex:163: Undefined control sequence.
\burl@condpdflink ...ut {BU.SE}}\fi \pdf@addtoksx 
                                                  {H.B}
l.163 ...ww.siam.org/journals/pdf/stylemanual.pdf}
                                                  .
The control sequence at the end of the top line
of your error message was never \def'ed. If you have
misspelled it (e.g., `\hobx'), type `I' and the correct
spelling (e.g., `I\hbox'). Otherwise just continue,
and I'll forget about whatever was undefined.

/Users/hyunseongkim/Dropbox/main/Projects/OptTrot/paper/SIAM Template/siamart_220329/docsiamart.tex:163: Undefined control sequence.
<argument> \pdf@box 
                    
l.163 ...ww.siam.org/journals/pdf/stylemanual.pdf}
                                                  .
The control sequence at the end of the top line
of your error message was never \def'ed. If you have
misspelled it (e.g., `\hobx'), type `I' and the correct
spelling (e.g., `I\hbox'). Otherwise just continue,
and I'll forget about whatever was undefined.

/Users/hyunseongkim/Dropbox/main/Projects/OptTrot/paper/SIAM Template/siamart_220329/docsiamart.tex:163: Missing number, treated as zero.
<to be read again> 
                   \hbox 
l.163 ...ww.siam.org/journals/pdf/stylemanual.pdf}
                                                  .
A number should have been here; I inserted `0'.
(If you can't figure out why I needed to see a number,
look up `weird error' in the index to The TeXbook.)

/Users/hyunseongkim/Dropbox/main/Projects/OptTrot/paper/SIAM Template/siamart_220329/docsiamart.tex:163: Undefined control sequence.
\burl@condpdflink ...\fi \fi \dimen@ \ht \pdf@box 
                                                  \dimen@ii \dp \pdf@box \sb...
l.163 ...ww.siam.org/journals/pdf/stylemanual.pdf}
                                                  .
The control sequence at the end of the top line
of your error message was never \def'ed. If you have
misspelled it (e.g., `\hobx'), type `I' and the correct
spelling (e.g., `I\hbox'). Otherwise just continue,
and I'll forget about whatever was undefined.

/Users/hyunseongkim/Dropbox/main/Projects/OptTrot/paper/SIAM Template/siamart_220329/docsiamart.tex:163: Bad register code (1630536).
\burl@condpdflink ...imen@ \ht \pdf@box \dimen@ii 
                                                  \dp \pdf@box \sbox \pdf@bo...
l.163 ...ww.siam.org/journals/pdf/stylemanual.pdf}
                                                  .
A register number must be between 0 and 32767.
I changed this one to zero.

/Users/hyunseongkim/Dropbox/main/Projects/OptTrot/paper/SIAM Template/siamart_220329/docsiamart.tex:163: Undefined control sequence.
\burl@condpdflink ...f@box \dimen@ii \dp \pdf@box 
                                                  \sbox \pdf@box {#1}\ifdim ...
l.163 ...ww.siam.org/journals/pdf/stylemanual.pdf}
                                                  .
The control sequence at the end of the top line
of your error message was never \def'ed. If you have
misspelled it (e.g., `\hobx'), type `I' and the correct
spelling (e.g., `I\hbox'). Otherwise just continue,
and I'll forget about whatever was undefined.

/Users/hyunseongkim/Dropbox/main/Projects/OptTrot/paper/SIAM Template/siamart_220329/docsiamart.tex:163: Missing number, treated as zero.
<to be read again> 
                   \protect 
l.163 ...ww.siam.org/journals/pdf/stylemanual.pdf}
                                                  .
A number should have been here; I inserted `0'.
(If you can't figure out why I needed to see a number,
look up `weird error' in the index to The TeXbook.)

/Users/hyunseongkim/Dropbox/main/Projects/OptTrot/paper/SIAM Template/siamart_220329/docsiamart.tex:163: Missing number, treated as zero.
<to be read again> 
                   \protect 
l.163 ...ww.siam.org/journals/pdf/stylemanual.pdf}
                                                  .
A number should have been here; I inserted `0'.
(If you can't figure out why I needed to see a number,
look up `weird error' in the index to The TeXbook.)

/Users/hyunseongkim/Dropbox/main/Projects/OptTrot/paper/SIAM Template/siamart_220329/docsiamart.tex:163: Illegal unit of measure (pt inserted).
<to be read again> 
                   \protect 
l.163 ...ww.siam.org/journals/pdf/stylemanual.pdf}
                                                  .
Dimensions can be in units of em, ex, in, pt, pc,
cm, mm, dd, cc, bp, or sp; but yours is a new one!
I'll assume that you meant to say pt, for printer's points.
To recover gracefully from this error, it's best to
delete the erroneous units; e.g., type `2' to delete
two letters. (See Chapter 27 of The TeXbook.)

/Users/hyunseongkim/Dropbox/main/Projects/OptTrot/paper/SIAM Template/siamart_220329/docsiamart.tex:163: Undefined control sequence.
<argument> \pdf@box 
                    
l.163 ...ww.siam.org/journals/pdf/stylemanual.pdf}
                                                  .
The control sequence at the end of the top line
of your error message was never \def'ed. If you have
misspelled it (e.g., `\hobx'), type `I' and the correct
spelling (e.g., `I\hbox'). Otherwise just continue,
and I'll forget about whatever was undefined.

/Users/hyunseongkim/Dropbox/main/Projects/OptTrot/paper/SIAM Template/siamart_220329/docsiamart.tex:163: Missing number, treated as zero.
<to be read again> 
                   \hbox 
l.163 ...ww.siam.org/journals/pdf/stylemanual.pdf}
                                                  .
A number should have been here; I inserted `0'.
(If you can't figure out why I needed to see a number,
look up `weird error' in the index to The TeXbook.)

/Users/hyunseongkim/Dropbox/main/Projects/OptTrot/paper/SIAM Template/siamart_220329/docsiamart.tex:163: Undefined control sequence.
\burl@condpdflink ...hbox \else \box \fi \pdf@box 
                                                  \ifdim \dimen@ =\z@ \liter...
l.163 ...ww.siam.org/journals/pdf/stylemanual.pdf}
                                                  .
The control sequence at the end of the top line
of your error message was never \def'ed. If you have
misspelled it (e.g., `\hobx'), type `I' and the correct
spelling (e.g., `I\hbox'). Otherwise just continue,
and I'll forget about whatever was undefined.

/Users/hyunseongkim/Dropbox/main/Projects/OptTrot/paper/SIAM Template/siamart_220329/docsiamart.tex:163: Missing number, treated as zero.
<to be read again> 
                   \raise 
l.163 ...ww.siam.org/journals/pdf/stylemanual.pdf}
                                                  .
A number should have been here; I inserted `0'.
(If you can't figure out why I needed to see a number,
look up `weird error' in the index to The TeXbook.)

/Users/hyunseongkim/Dropbox/main/Projects/OptTrot/paper/SIAM Template/siamart_220329/docsiamart.tex:163: Undefined control sequence.
\burl@condpdflink ...ut {BU.SE}}\fi \pdf@addtoksx 
                                                  {H.B}
l.163 ...ww.siam.org/journals/pdf/stylemanual.pdf}
                                                  .
The control sequence at the end of the top line
of your error message was never \def'ed. If you have
misspelled it (e.g., `\hobx'), type `I' and the correct
spelling (e.g., `I\hbox'). Otherwise just continue,
and I'll forget about whatever was undefined.

/Users/hyunseongkim/Dropbox/main/Projects/OptTrot/paper/SIAM Template/siamart_220329/docsiamart.tex:163: Undefined control sequence.
<argument> \pdf@box 
                    
l.163 ...ww.siam.org/journals/pdf/stylemanual.pdf}
                                                  .
The control sequence at the end of the top line
of your error message was never \def'ed. If you have
misspelled it (e.g., `\hobx'), type `I' and the correct
spelling (e.g., `I\hbox'). Otherwise just continue,
and I'll forget about whatever was undefined.

/Users/hyunseongkim/Dropbox/main/Projects/OptTrot/paper/SIAM Template/siamart_220329/docsiamart.tex:163: Missing number, treated as zero.
<to be read again> 
                   \hbox 
l.163 ...ww.siam.org/journals/pdf/stylemanual.pdf}
                                                  .
A number should have been here; I inserted `0'.
(If you can't figure out why I needed to see a number,
look up `weird error' in the index to The TeXbook.)

/Users/hyunseongkim/Dropbox/main/Projects/OptTrot/paper/SIAM Template/siamart_220329/docsiamart.tex:163: Undefined control sequence.
\burl@condpdflink ...\fi \fi \dimen@ \ht \pdf@box 
                                                  \dimen@ii \dp \pdf@box \sb...
l.163 ...ww.siam.org/journals/pdf/stylemanual.pdf}
                                                  .
The control sequence at the end of the top line
of your error message was never \def'ed. If you have
misspelled it (e.g., `\hobx'), type `I' and the correct
spelling (e.g., `I\hbox'). Otherwise just continue,
and I'll forget about whatever was undefined.

/Users/hyunseongkim/Dropbox/main/Projects/OptTrot/paper/SIAM Template/siamart_220329/docsiamart.tex:163: Bad register code (1630536).
\burl@condpdflink ...imen@ \ht \pdf@box \dimen@ii 
                                                  \dp \pdf@box \sbox \pdf@bo...
l.163 ...ww.siam.org/journals/pdf/stylemanual.pdf}
                                                  .
A register number must be between 0 and 32767.
I changed this one to zero.

/Users/hyunseongkim/Dropbox/main/Projects/OptTrot/paper/SIAM Template/siamart_220329/docsiamart.tex:163: Undefined control sequence.
\burl@condpdflink ...f@box \dimen@ii \dp \pdf@box 
                                                  \sbox \pdf@box {#1}\ifdim ...
l.163 ...ww.siam.org/journals/pdf/stylemanual.pdf}
                                                  .
The control sequence at the end of the top line
of your error message was never \def'ed. If you have
misspelled it (e.g., `\hobx'), type `I' and the correct
spelling (e.g., `I\hbox'). Otherwise just continue,
and I'll forget about whatever was undefined.

/Users/hyunseongkim/Dropbox/main/Projects/OptTrot/paper/SIAM Template/siamart_220329/docsiamart.tex:163: Missing number, treated as zero.
<to be read again> 
                   \protect 
l.163 ...ww.siam.org/journals/pdf/stylemanual.pdf}
                                                  .
A number should have been here; I inserted `0'.
(If you can't figure out why I needed to see a number,
look up `weird error' in the index to The TeXbook.)

/Users/hyunseongkim/Dropbox/main/Projects/OptTrot/paper/SIAM Template/siamart_220329/docsiamart.tex:163: Missing number, treated as zero.
<to be read again> 
                   \protect 
l.163 ...ww.siam.org/journals/pdf/stylemanual.pdf}
                                                  .
A number should have been here; I inserted `0'.
(If you can't figure out why I needed to see a number,
look up `weird error' in the index to The TeXbook.)

/Users/hyunseongkim/Dropbox/main/Projects/OptTrot/paper/SIAM Template/siamart_220329/docsiamart.tex:163: Illegal unit of measure (pt inserted).
<to be read again> 
                   \protect 
l.163 ...ww.siam.org/journals/pdf/stylemanual.pdf}
                                                  .
Dimensions can be in units of em, ex, in, pt, pc,
cm, mm, dd, cc, bp, or sp; but yours is a new one!
I'll assume that you meant to say pt, for printer's points.
To recover gracefully from this error, it's best to
delete the erroneous units; e.g., type `2' to delete
two letters. (See Chapter 27 of The TeXbook.)

/Users/hyunseongkim/Dropbox/main/Projects/OptTrot/paper/SIAM Template/siamart_220329/docsiamart.tex:163: Undefined control sequence.
<argument> \pdf@box 
                    
l.163 ...ww.siam.org/journals/pdf/stylemanual.pdf}
                                                  .
The control sequence at the end of the top line
of your error message was never \def'ed. If you have
misspelled it (e.g., `\hobx'), type `I' and the correct
spelling (e.g., `I\hbox'). Otherwise just continue,
and I'll forget about whatever was undefined.

/Users/hyunseongkim/Dropbox/main/Projects/OptTrot/paper/SIAM Template/siamart_220329/docsiamart.tex:163: Missing number, treated as zero.
<to be read again> 
                   \hbox 
l.163 ...ww.siam.org/journals/pdf/stylemanual.pdf}
                                                  .
A number should have been here; I inserted `0'.
(If you can't figure out why I needed to see a number,
look up `weird error' in the index to The TeXbook.)

/Users/hyunseongkim/Dropbox/main/Projects/OptTrot/paper/SIAM Template/siamart_220329/docsiamart.tex:163: Undefined control sequence.
\burl@condpdflink ...hbox \else \box \fi \pdf@box 
                                                  \ifdim \dimen@ =\z@ \liter...
l.163 ...ww.siam.org/journals/pdf/stylemanual.pdf}
                                                  .
The control sequence at the end of the top line
of your error message was never \def'ed. If you have
misspelled it (e.g., `\hobx'), type `I' and the correct
spelling (e.g., `I\hbox'). Otherwise just continue,
and I'll forget about whatever was undefined.

/Users/hyunseongkim/Dropbox/main/Projects/OptTrot/paper/SIAM Template/siamart_220329/docsiamart.tex:163: Missing number, treated as zero.
<to be read again> 
                   \raise 
l.163 ...ww.siam.org/journals/pdf/stylemanual.pdf}
                                                  .
A number should have been here; I inserted `0'.
(If you can't figure out why I needed to see a number,
look up `weird error' in the index to The TeXbook.)

/Users/hyunseongkim/Dropbox/main/Projects/OptTrot/paper/SIAM Template/siamart_220329/docsiamart.tex:163: Undefined control sequence.
\burl@condpdflink ...ut {BU.SE}}\fi \pdf@addtoksx 
                                                  {H.B}
l.163 ...ww.siam.org/journals/pdf/stylemanual.pdf}
                                                  .
The control sequence at the end of the top line
of your error message was never \def'ed. If you have
misspelled it (e.g., `\hobx'), type `I' and the correct
spelling (e.g., `I\hbox'). Otherwise just continue,
and I'll forget about whatever was undefined.

/Users/hyunseongkim/Dropbox/main/Projects/OptTrot/paper/SIAM Template/siamart_220329/docsiamart.tex:163: Undefined control sequence.
<argument> \pdf@box 
                    
l.163 ...ww.siam.org/journals/pdf/stylemanual.pdf}
                                                  .
The control sequence at the end of the top line
of your error message was never \def'ed. If you have
misspelled it (e.g., `\hobx'), type `I' and the correct
spelling (e.g., `I\hbox'). Otherwise just continue,
and I'll forget about whatever was undefined.

/Users/hyunseongkim/Dropbox/main/Projects/OptTrot/paper/SIAM Template/siamart_220329/docsiamart.tex:163: Missing number, treated as zero.
<to be read again> 
                   \hbox 
l.163 ...ww.siam.org/journals/pdf/stylemanual.pdf}
                                                  .
A number should have been here; I inserted `0'.
(If you can't figure out why I needed to see a number,
look up `weird error' in the index to The TeXbook.)

/Users/hyunseongkim/Dropbox/main/Projects/OptTrot/paper/SIAM Template/siamart_220329/docsiamart.tex:163: Undefined control sequence.
\burl@condpdflink ...\fi \fi \dimen@ \ht \pdf@box 
                                                  \dimen@ii \dp \pdf@box \sb...
l.163 ...ww.siam.org/journals/pdf/stylemanual.pdf}
                                                  .
The control sequence at the end of the top line
of your error message was never \def'ed. If you have
misspelled it (e.g., `\hobx'), type `I' and the correct
spelling (e.g., `I\hbox'). Otherwise just continue,
and I'll forget about whatever was undefined.

/Users/hyunseongkim/Dropbox/main/Projects/OptTrot/paper/SIAM Template/siamart_220329/docsiamart.tex:163: Bad register code (1630536).
\burl@condpdflink ...imen@ \ht \pdf@box \dimen@ii 
                                                  \dp \pdf@box \sbox \pdf@bo...
l.163 ...ww.siam.org/journals/pdf/stylemanual.pdf}
                                                  .
A register number must be between 0 and 32767.
I changed this one to zero.

/Users/hyunseongkim/Dropbox/main/Projects/OptTrot/paper/SIAM Template/siamart_220329/docsiamart.tex:163: Undefined control sequence.
\burl@condpdflink ...f@box \dimen@ii \dp \pdf@box 
                                                  \sbox \pdf@box {#1}\ifdim ...
l.163 ...ww.siam.org/journals/pdf/stylemanual.pdf}
                                                  .
The control sequence at the end of the top line
of your error message was never \def'ed. If you have
misspelled it (e.g., `\hobx'), type `I' and the correct
spelling (e.g., `I\hbox'). Otherwise just continue,
and I'll forget about whatever was undefined.

/Users/hyunseongkim/Dropbox/main/Projects/OptTrot/paper/SIAM Template/siamart_220329/docsiamart.tex:163: Missing number, treated as zero.
<to be read again> 
                   \protect 
l.163 ...ww.siam.org/journals/pdf/stylemanual.pdf}
                                                  .
A number should have been here; I inserted `0'.
(If you can't figure out why I needed to see a number,
look up `weird error' in the index to The TeXbook.)

/Users/hyunseongkim/Dropbox/main/Projects/OptTrot/paper/SIAM Template/siamart_220329/docsiamart.tex:163: Missing number, treated as zero.
<to be read again> 
                   \protect 
l.163 ...ww.siam.org/journals/pdf/stylemanual.pdf}
                                                  .
A number should have been here; I inserted `0'.
(If you can't figure out why I needed to see a number,
look up `weird error' in the index to The TeXbook.)

/Users/hyunseongkim/Dropbox/main/Projects/OptTrot/paper/SIAM Template/siamart_220329/docsiamart.tex:163: Illegal unit of measure (pt inserted).
<to be read again> 
                   \protect 
l.163 ...ww.siam.org/journals/pdf/stylemanual.pdf}
                                                  .
Dimensions can be in units of em, ex, in, pt, pc,
cm, mm, dd, cc, bp, or sp; but yours is a new one!
I'll assume that you meant to say pt, for printer's points.
To recover gracefully from this error, it's best to
delete the erroneous units; e.g., type `2' to delete
two letters. (See Chapter 27 of The TeXbook.)

/Users/hyunseongkim/Dropbox/main/Projects/OptTrot/paper/SIAM Template/siamart_220329/docsiamart.tex:163: Undefined control sequence.
<argument> \pdf@box 
                    
l.163 ...ww.siam.org/journals/pdf/stylemanual.pdf}
                                                  .
(That makes 100 errors; please try again.) 
Here is how much of TeX's memory you used:
 41490 strings out of 474773
 970081 string characters out of 5757724
 1923839 words of memory out of 5000000
 61439 multiletter control sequences out of 15000+600000
 563300 words of font info for 66 fonts, out of 8000000 for 9000
 2922 hyphenation exceptions out of 8191
 99i,4n,117p,793b,479s stack positions out of 10000i,1000n,20000p,200000b,200000s

No pages of output.
